Prediction run started at 2025-05-09 07:38:32.750136
Model: LongSafari/hyenadna-small-32k-seqlen-hf
Device: cuda
Test set size: 4500
Use sliding window: True
Window size: 8192
Overlap: 1024
Processed 10/4500 sequences
Processed 20/4500 sequences
Processed 30/4500 sequences
Processed 40/4500 sequences
Processed 50/4500 sequences
Processed 60/4500 sequences
Processed 70/4500 sequences
Processed 80/4500 sequences
Processed 90/4500 sequences
Processed 100/4500 sequences
Processed 110/4500 sequences
Processed 120/4500 sequences
Processed 130/4500 sequences
Processed 140/4500 sequences
Processed 150/4500 sequences
Processed 160/4500 sequences
Processed 170/4500 sequences
Processed 180/4500 sequences
Processed 190/4500 sequences
Processed 200/4500 sequences
Processed 210/4500 sequences
Processed 220/4500 sequences
Processed 230/4500 sequences
Processed 240/4500 sequences
Processed 250/4500 sequences
Processed 260/4500 sequences
Processed 270/4500 sequences
Processed 280/4500 sequences
Processed 290/4500 sequences
Processed 300/4500 sequences
Processed 310/4500 sequences
Processed 320/4500 sequences
Processed 330/4500 sequences
Processed 340/4500 sequences
Processed 350/4500 sequences
Processed 360/4500 sequences
Processed 370/4500 sequences
Processed 380/4500 sequences
Processed 390/4500 sequences
Processed 400/4500 sequences
Processed 410/4500 sequences
Processed 420/4500 sequences
Processed 430/4500 sequences
Processed 440/4500 sequences
Processed 450/4500 sequences
Processed 460/4500 sequences
Processed 470/4500 sequences
Processed 480/4500 sequences
Processed 490/4500 sequences
Processed 500/4500 sequences
Processed 510/4500 sequences
Processed 520/4500 sequences
Processed 530/4500 sequences
Processed 540/4500 sequences
Processed 550/4500 sequences
Processed 560/4500 sequences
Processed 570/4500 sequences
Processed 580/4500 sequences
Processed 590/4500 sequences
Processed 600/4500 sequences
Processed 610/4500 sequences
Processed 620/4500 sequences
Processed 630/4500 sequences
Processed 640/4500 sequences
Processed 650/4500 sequences
Processed 660/4500 sequences
Processed 670/4500 sequences
Processed 680/4500 sequences
Processed 690/4500 sequences
Processed 700/4500 sequences
Processed 710/4500 sequences
Processed 720/4500 sequences
Processed 730/4500 sequences
Processed 740/4500 sequences
Processed 750/4500 sequences
Processed 760/4500 sequences
Processed 770/4500 sequences
Processed 780/4500 sequences
Processed 790/4500 sequences
Processed 800/4500 sequences
Processed 810/4500 sequences
Processed 820/4500 sequences
Processed 830/4500 sequences
Processed 840/4500 sequences
Processed 850/4500 sequences
Processed 860/4500 sequences
Processed 870/4500 sequences
Processed 880/4500 sequences
Processed 890/4500 sequences
Processed 900/4500 sequences
Processed 910/4500 sequences
Processed 920/4500 sequences
Processed 930/4500 sequences
Processed 940/4500 sequences
Processed 950/4500 sequences
Processed 960/4500 sequences
Processed 970/4500 sequences
Processed 980/4500 sequences
Processed 990/4500 sequences
Processed 1000/4500 sequences
Processed 1010/4500 sequences
Processed 1020/4500 sequences
Processed 1030/4500 sequences
Processed 1040/4500 sequences
Processed 1050/4500 sequences
Processed 1060/4500 sequences
Processed 1070/4500 sequences
Processed 1080/4500 sequences
Processed 1090/4500 sequences
Processed 1100/4500 sequences
Processed 1110/4500 sequences
Processed 1120/4500 sequences
Processed 1130/4500 sequences
Processed 1140/4500 sequences
Processed 1150/4500 sequences
Processed 1160/4500 sequences
Processed 1170/4500 sequences
Processed 1180/4500 sequences
Processed 1190/4500 sequences
Processed 1200/4500 sequences
Processed 1210/4500 sequences
Processed 1220/4500 sequences
Processed 1230/4500 sequences
Processed 1240/4500 sequences
Processed 1250/4500 sequences
Processed 1260/4500 sequences
Processed 1270/4500 sequences
Processed 1280/4500 sequences
Processed 1290/4500 sequences
Processed 1300/4500 sequences
Processed 1310/4500 sequences
Processed 1320/4500 sequences
Processed 1330/4500 sequences
Processed 1340/4500 sequences
Processed 1350/4500 sequences
Processed 1360/4500 sequences
Processed 1370/4500 sequences
Processed 1380/4500 sequences
Processed 1390/4500 sequences
Processed 1400/4500 sequences
Processed 1410/4500 sequences
Processed 1420/4500 sequences
Processed 1430/4500 sequences
Processed 1440/4500 sequences
Processed 1450/4500 sequences
Processed 1460/4500 sequences
Processed 1470/4500 sequences
Processed 1480/4500 sequences
Processed 1490/4500 sequences
Processed 1500/4500 sequences
Processed 1510/4500 sequences
Processed 1520/4500 sequences
Processed 1530/4500 sequences
Processed 1540/4500 sequences
Processed 1550/4500 sequences
Processed 1560/4500 sequences
Processed 1570/4500 sequences
Processed 1580/4500 sequences
Processed 1590/4500 sequences
Processed 1600/4500 sequences
Processed 1610/4500 sequences
Processed 1620/4500 sequences
Processed 1630/4500 sequences
Processed 1640/4500 sequences
Processed 1650/4500 sequences
Processed 1660/4500 sequences
Processed 1670/4500 sequences
Processed 1680/4500 sequences
Processed 1690/4500 sequences
Processed 1700/4500 sequences
Processed 1710/4500 sequences
Processed 1720/4500 sequences
Processed 1730/4500 sequences
Processed 1740/4500 sequences
Processed 1750/4500 sequences
Processed 1760/4500 sequences
Processed 1770/4500 sequences
Processed 1780/4500 sequences
Processed 1790/4500 sequences
Processed 1800/4500 sequences
Processed 1810/4500 sequences
Processed 1820/4500 sequences
Processed 1830/4500 sequences
Processed 1840/4500 sequences
Processed 1850/4500 sequences
Processed 1860/4500 sequences
Processed 1870/4500 sequences
Processed 1880/4500 sequences
Processed 1890/4500 sequences
Processed 1900/4500 sequences
Processed 1910/4500 sequences
Processed 1920/4500 sequences
Processed 1930/4500 sequences
Processed 1940/4500 sequences
Processed 1950/4500 sequences
Processed 1960/4500 sequences
Processed 1970/4500 sequences
Processed 1980/4500 sequences
Processed 1990/4500 sequences
Processed 2000/4500 sequences
Processed 2010/4500 sequences
Processed 2020/4500 sequences
Processed 2030/4500 sequences
Processed 2040/4500 sequences
Processed 2050/4500 sequences
Processed 2060/4500 sequences
Processed 2070/4500 sequences
Processed 2080/4500 sequences
Processed 2090/4500 sequences
Processed 2100/4500 sequences
Processed 2110/4500 sequences
Processed 2120/4500 sequences
Processed 2130/4500 sequences
Processed 2140/4500 sequences
Processed 2150/4500 sequences
Processed 2160/4500 sequences
Processed 2170/4500 sequences
Processed 2180/4500 sequences
Processed 2190/4500 sequences
Processed 2200/4500 sequences
Processed 2210/4500 sequences
Processed 2220/4500 sequences
Processed 2230/4500 sequences
Processed 2240/4500 sequences
Processed 2250/4500 sequences
Processed 2260/4500 sequences
Processed 2270/4500 sequences
Processed 2280/4500 sequences
Processed 2290/4500 sequences
Processed 2300/4500 sequences
Processed 2310/4500 sequences
Processed 2320/4500 sequences
Processed 2330/4500 sequences
Processed 2340/4500 sequences
Processed 2350/4500 sequences
Processed 2360/4500 sequences
Processed 2370/4500 sequences
Processed 2380/4500 sequences
Processed 2390/4500 sequences
Processed 2400/4500 sequences
Processed 2410/4500 sequences
Processed 2420/4500 sequences
Processed 2430/4500 sequences
Processed 2440/4500 sequences
Processed 2450/4500 sequences
Processed 2460/4500 sequences
Processed 2470/4500 sequences
Processed 2480/4500 sequences
Processed 2490/4500 sequences
Processed 2500/4500 sequences
Processed 2510/4500 sequences
Processed 2520/4500 sequences
Processed 2530/4500 sequences
Processed 2540/4500 sequences
Processed 2550/4500 sequences
Processed 2560/4500 sequences
Processed 2570/4500 sequences
Processed 2580/4500 sequences
Processed 2590/4500 sequences
Processed 2600/4500 sequences
Processed 2610/4500 sequences
Processed 2620/4500 sequences
Processed 2630/4500 sequences
Processed 2640/4500 sequences
Processed 2650/4500 sequences
Processed 2660/4500 sequences
Processed 2670/4500 sequences
Processed 2680/4500 sequences
Processed 2690/4500 sequences
Processed 2700/4500 sequences
Processed 2710/4500 sequences
Processed 2720/4500 sequences
Processed 2730/4500 sequences
Processed 2740/4500 sequences
Processed 2750/4500 sequences
Processed 2760/4500 sequences
Processed 2770/4500 sequences
Processed 2780/4500 sequences
Processed 2790/4500 sequences
Processed 2800/4500 sequences
Processed 2810/4500 sequences
Processed 2820/4500 sequences
Processed 2830/4500 sequences
Processed 2840/4500 sequences
Processed 2850/4500 sequences
Processed 2860/4500 sequences
Processed 2870/4500 sequences
Processed 2880/4500 sequences
Processed 2890/4500 sequences
Processed 2900/4500 sequences
Processed 2910/4500 sequences
Processed 2920/4500 sequences
Processed 2930/4500 sequences
Processed 2940/4500 sequences
Processed 2950/4500 sequences
Processed 2960/4500 sequences
Processed 2970/4500 sequences
Processed 2980/4500 sequences
Processed 2990/4500 sequences
Processed 3000/4500 sequences
Processed 3010/4500 sequences
Processed 3020/4500 sequences
Processed 3030/4500 sequences
Processed 3040/4500 sequences
Processed 3050/4500 sequences
Processed 3060/4500 sequences
Processed 3070/4500 sequences
Processed 3080/4500 sequences
Processed 3090/4500 sequences
Processed 3100/4500 sequences
Processed 3110/4500 sequences
Processed 3120/4500 sequences
Processed 3130/4500 sequences
Processed 3140/4500 sequences
Processed 3150/4500 sequences
Processed 3160/4500 sequences
Processed 3170/4500 sequences
Processed 3180/4500 sequences
Processed 3190/4500 sequences
Processed 3200/4500 sequences
Processed 3210/4500 sequences
Processed 3220/4500 sequences
Processed 3230/4500 sequences
Processed 3240/4500 sequences
Processed 3250/4500 sequences
Processed 3260/4500 sequences
Processed 3270/4500 sequences
Processed 3280/4500 sequences
Processed 3290/4500 sequences
Processed 3300/4500 sequences
Processed 3310/4500 sequences
Processed 3320/4500 sequences
Processed 3330/4500 sequences
Processed 3340/4500 sequences
Processed 3350/4500 sequences
Processed 3360/4500 sequences
Processed 3370/4500 sequences
Processed 3380/4500 sequences
Processed 3390/4500 sequences
Processed 3400/4500 sequences
Processed 3410/4500 sequences
Processed 3420/4500 sequences
Processed 3430/4500 sequences
Processed 3440/4500 sequences
Processed 3450/4500 sequences
Processed 3460/4500 sequences
Processed 3470/4500 sequences
Processed 3480/4500 sequences
Processed 3490/4500 sequences
Processed 3500/4500 sequences
Processed 3510/4500 sequences
Processed 3520/4500 sequences
Processed 3530/4500 sequences
Processed 3540/4500 sequences
Processed 3550/4500 sequences
Processed 3560/4500 sequences
Processed 3570/4500 sequences
Processed 3580/4500 sequences
Processed 3590/4500 sequences
Processed 3600/4500 sequences
Processed 3610/4500 sequences
Processed 3620/4500 sequences
Processed 3630/4500 sequences
Processed 3640/4500 sequences
Processed 3650/4500 sequences
Processed 3660/4500 sequences
Processed 3670/4500 sequences
Processed 3680/4500 sequences
Processed 3690/4500 sequences
Processed 3700/4500 sequences
Processed 3710/4500 sequences
Processed 3720/4500 sequences
Processed 3730/4500 sequences
Processed 3740/4500 sequences
Processed 3750/4500 sequences
Processed 3760/4500 sequences
Processed 3770/4500 sequences
Processed 3780/4500 sequences
Processed 3790/4500 sequences
Processed 3800/4500 sequences
Processed 3810/4500 sequences
Processed 3820/4500 sequences
Processed 3830/4500 sequences
Processed 3840/4500 sequences
Processed 3850/4500 sequences
Processed 3860/4500 sequences
Processed 3870/4500 sequences
Processed 3880/4500 sequences
Processed 3890/4500 sequences
Processed 3900/4500 sequences
Processed 3910/4500 sequences
Processed 3920/4500 sequences
Processed 3930/4500 sequences
Processed 3940/4500 sequences
Processed 3950/4500 sequences
Processed 3960/4500 sequences
Processed 3970/4500 sequences
Processed 3980/4500 sequences
Processed 3990/4500 sequences
Processed 4000/4500 sequences
Processed 4010/4500 sequences
Processed 4020/4500 sequences
Processed 4030/4500 sequences
Processed 4040/4500 sequences
Processed 4050/4500 sequences
Processed 4060/4500 sequences
Processed 4070/4500 sequences
Processed 4080/4500 sequences
Processed 4090/4500 sequences
Processed 4100/4500 sequences
Processed 4110/4500 sequences
Processed 4120/4500 sequences
Processed 4130/4500 sequences
Processed 4140/4500 sequences
Processed 4150/4500 sequences
Processed 4160/4500 sequences
Processed 4170/4500 sequences
Processed 4180/4500 sequences
Processed 4190/4500 sequences
Processed 4200/4500 sequences
Processed 4210/4500 sequences
Processed 4220/4500 sequences
Processed 4230/4500 sequences
Processed 4240/4500 sequences
Processed 4250/4500 sequences
Processed 4260/4500 sequences
Processed 4270/4500 sequences
Processed 4280/4500 sequences
Processed 4290/4500 sequences
Processed 4300/4500 sequences
Processed 4310/4500 sequences
Processed 4320/4500 sequences
Processed 4330/4500 sequences
Processed 4340/4500 sequences
Processed 4350/4500 sequences
Processed 4360/4500 sequences
Processed 4370/4500 sequences
Processed 4380/4500 sequences
Processed 4390/4500 sequences
Processed 4400/4500 sequences
Processed 4410/4500 sequences
Processed 4420/4500 sequences
Processed 4430/4500 sequences
Processed 4440/4500 sequences
Processed 4450/4500 sequences
Processed 4460/4500 sequences
Processed 4470/4500 sequences
Processed 4480/4500 sequences
Processed 4490/4500 sequences
Processed 4500/4500 sequences
Prediction completed in 199.87 seconds
Total sequences processed: 4500
