Prediction run started at 2025-05-09 07:41:54.930469
Model: LongSafari/hyenadna-small-32k-seqlen-hf
Device: cuda
Test set size: 29960
Use sliding window: True
Window size: 8192
Overlap: 1024
Processed 10/29960 sequences
Processed 20/29960 sequences
Processed 30/29960 sequences
Processed 40/29960 sequences
Processed 50/29960 sequences
Processed 60/29960 sequences
Processed 70/29960 sequences
Processed 80/29960 sequences
Processed 90/29960 sequences
Processed 100/29960 sequences
Processed 110/29960 sequences
Processed 120/29960 sequences
Processed 130/29960 sequences
Processed 140/29960 sequences
Processed 150/29960 sequences
Processed 160/29960 sequences
Processed 170/29960 sequences
Processed 180/29960 sequences
Processed 190/29960 sequences
Processed 200/29960 sequences
Processed 210/29960 sequences
Processed 220/29960 sequences
Processed 230/29960 sequences
Processed 240/29960 sequences
Processed 250/29960 sequences
Processed 260/29960 sequences
Processed 270/29960 sequences
Processed 280/29960 sequences
Processed 290/29960 sequences
Processed 300/29960 sequences
Processed 310/29960 sequences
Processed 320/29960 sequences
Processed 330/29960 sequences
Processed 340/29960 sequences
Processed 350/29960 sequences
Processed 360/29960 sequences
Processed 370/29960 sequences
Processed 380/29960 sequences
Processed 390/29960 sequences
Processed 400/29960 sequences
Processed 410/29960 sequences
Processed 420/29960 sequences
Processed 430/29960 sequences
Processed 440/29960 sequences
Processed 450/29960 sequences
Processed 460/29960 sequences
Processed 470/29960 sequences
Processed 480/29960 sequences
Processed 490/29960 sequences
Processed 500/29960 sequences
Processed 510/29960 sequences
Processed 520/29960 sequences
Processed 530/29960 sequences
Processed 540/29960 sequences
Processed 550/29960 sequences
Processed 560/29960 sequences
Processed 570/29960 sequences
Processed 580/29960 sequences
Processed 590/29960 sequences
Processed 600/29960 sequences
Processed 610/29960 sequences
Processed 620/29960 sequences
Processed 630/29960 sequences
Processed 640/29960 sequences
Processed 650/29960 sequences
Processed 660/29960 sequences
Processed 670/29960 sequences
Processed 680/29960 sequences
Processed 690/29960 sequences
Processed 700/29960 sequences
Processed 710/29960 sequences
Processed 720/29960 sequences
Processed 730/29960 sequences
Processed 740/29960 sequences
Processed 750/29960 sequences
Processed 760/29960 sequences
Processed 770/29960 sequences
Processed 780/29960 sequences
Processed 790/29960 sequences
Processed 800/29960 sequences
Processed 810/29960 sequences
Processed 820/29960 sequences
Processed 830/29960 sequences
Processed 840/29960 sequences
Processed 850/29960 sequences
Processed 860/29960 sequences
Processed 870/29960 sequences
Processed 880/29960 sequences
Processed 890/29960 sequences
Processed 900/29960 sequences
Processed 910/29960 sequences
Processed 920/29960 sequences
Processed 930/29960 sequences
Processed 940/29960 sequences
Processed 950/29960 sequences
Processed 960/29960 sequences
Processed 970/29960 sequences
Processed 980/29960 sequences
Processed 990/29960 sequences
Processed 1000/29960 sequences
Processed 1010/29960 sequences
Processed 1020/29960 sequences
Processed 1030/29960 sequences
Processed 1040/29960 sequences
Processed 1050/29960 sequences
Processed 1060/29960 sequences
Processed 1070/29960 sequences
Processed 1080/29960 sequences
Processed 1090/29960 sequences
Processed 1100/29960 sequences
Processed 1110/29960 sequences
Processed 1120/29960 sequences
Processed 1130/29960 sequences
Processed 1140/29960 sequences
Processed 1150/29960 sequences
Processed 1160/29960 sequences
Processed 1170/29960 sequences
Processed 1180/29960 sequences
Processed 1190/29960 sequences
Processed 1200/29960 sequences
Processed 1210/29960 sequences
Processed 1220/29960 sequences
Processed 1230/29960 sequences
Processed 1240/29960 sequences
Processed 1250/29960 sequences
Processed 1260/29960 sequences
Processed 1270/29960 sequences
Processed 1280/29960 sequences
Processed 1290/29960 sequences
Processed 1300/29960 sequences
Processed 1310/29960 sequences
Processed 1320/29960 sequences
Processed 1330/29960 sequences
Processed 1340/29960 sequences
Processed 1350/29960 sequences
Processed 1360/29960 sequences
Processed 1370/29960 sequences
Processed 1380/29960 sequences
Processed 1390/29960 sequences
Processed 1400/29960 sequences
Processed 1410/29960 sequences
Processed 1420/29960 sequences
Processed 1430/29960 sequences
Processed 1440/29960 sequences
Processed 1450/29960 sequences
Processed 1460/29960 sequences
Processed 1470/29960 sequences
Processed 1480/29960 sequences
Processed 1490/29960 sequences
Processed 1500/29960 sequences
Processed 1510/29960 sequences
Processed 1520/29960 sequences
Processed 1530/29960 sequences
Processed 1540/29960 sequences
Processed 1550/29960 sequences
Processed 1560/29960 sequences
Processed 1570/29960 sequences
Processed 1580/29960 sequences
Processed 1590/29960 sequences
Processed 1600/29960 sequences
Processed 1610/29960 sequences
Processed 1620/29960 sequences
Processed 1630/29960 sequences
Processed 1640/29960 sequences
Processed 1650/29960 sequences
Processed 1660/29960 sequences
Processed 1670/29960 sequences
Processed 1680/29960 sequences
Processed 1690/29960 sequences
Processed 1700/29960 sequences
Processed 1710/29960 sequences
Processed 1720/29960 sequences
Processed 1730/29960 sequences
Processed 1740/29960 sequences
Processed 1750/29960 sequences
Processed 1760/29960 sequences
Processed 1770/29960 sequences
Processed 1780/29960 sequences
Processed 1790/29960 sequences
Processed 1800/29960 sequences
Processed 1810/29960 sequences
Processed 1820/29960 sequences
Processed 1830/29960 sequences
Processed 1840/29960 sequences
Processed 1850/29960 sequences
Processed 1860/29960 sequences
Processed 1870/29960 sequences
Processed 1880/29960 sequences
Processed 1890/29960 sequences
Processed 1900/29960 sequences
Processed 1910/29960 sequences
Processed 1920/29960 sequences
Processed 1930/29960 sequences
Processed 1940/29960 sequences
Processed 1950/29960 sequences
Processed 1960/29960 sequences
Processed 1970/29960 sequences
Processed 1980/29960 sequences
Processed 1990/29960 sequences
Processed 2000/29960 sequences
Processed 2010/29960 sequences
Processed 2020/29960 sequences
Processed 2030/29960 sequences
Processed 2040/29960 sequences
Processed 2050/29960 sequences
Processed 2060/29960 sequences
Processed 2070/29960 sequences
Processed 2080/29960 sequences
Processed 2090/29960 sequences
Processed 2100/29960 sequences
Processed 2110/29960 sequences
Processed 2120/29960 sequences
Processed 2130/29960 sequences
Processed 2140/29960 sequences
Processed 2150/29960 sequences
Processed 2160/29960 sequences
Processed 2170/29960 sequences
Processed 2180/29960 sequences
Processed 2190/29960 sequences
Processed 2200/29960 sequences
Processed 2210/29960 sequences
Processed 2220/29960 sequences
Processed 2230/29960 sequences
Processed 2240/29960 sequences
Processed 2250/29960 sequences
Processed 2260/29960 sequences
Processed 2270/29960 sequences
Processed 2280/29960 sequences
Processed 2290/29960 sequences
Processed 2300/29960 sequences
Processed 2310/29960 sequences
Processed 2320/29960 sequences
Processed 2330/29960 sequences
Processed 2340/29960 sequences
Processed 2350/29960 sequences
Processed 2360/29960 sequences
Processed 2370/29960 sequences
Processed 2380/29960 sequences
Processed 2390/29960 sequences
Processed 2400/29960 sequences
Processed 2410/29960 sequences
Processed 2420/29960 sequences
Processed 2430/29960 sequences
Processed 2440/29960 sequences
Processed 2450/29960 sequences
Processed 2460/29960 sequences
Processed 2470/29960 sequences
Processed 2480/29960 sequences
Processed 2490/29960 sequences
Processed 2500/29960 sequences
Processed 2510/29960 sequences
Processed 2520/29960 sequences
Processed 2530/29960 sequences
Processed 2540/29960 sequences
Processed 2550/29960 sequences
Processed 2560/29960 sequences
Processed 2570/29960 sequences
Processed 2580/29960 sequences
Processed 2590/29960 sequences
Processed 2600/29960 sequences
Processed 2610/29960 sequences
Processed 2620/29960 sequences
Processed 2630/29960 sequences
Processed 2640/29960 sequences
Processed 2650/29960 sequences
Processed 2660/29960 sequences
Processed 2670/29960 sequences
Processed 2680/29960 sequences
Processed 2690/29960 sequences
Processed 2700/29960 sequences
Processed 2710/29960 sequences
Processed 2720/29960 sequences
Processed 2730/29960 sequences
Processed 2740/29960 sequences
Processed 2750/29960 sequences
Processed 2760/29960 sequences
Processed 2770/29960 sequences
Processed 2780/29960 sequences
Processed 2790/29960 sequences
Processed 2800/29960 sequences
Processed 2810/29960 sequences
Processed 2820/29960 sequences
Processed 2830/29960 sequences
Processed 2840/29960 sequences
Processed 2850/29960 sequences
Processed 2860/29960 sequences
Processed 2870/29960 sequences
Processed 2880/29960 sequences
Processed 2890/29960 sequences
Processed 2900/29960 sequences
Processed 2910/29960 sequences
Processed 2920/29960 sequences
Processed 2930/29960 sequences
Processed 2940/29960 sequences
Processed 2950/29960 sequences
Processed 2960/29960 sequences
Processed 2970/29960 sequences
Processed 2980/29960 sequences
Processed 2990/29960 sequences
Processed 3000/29960 sequences
Processed 3010/29960 sequences
Processed 3020/29960 sequences
Processed 3030/29960 sequences
Processed 3040/29960 sequences
Processed 3050/29960 sequences
Processed 3060/29960 sequences
Processed 3070/29960 sequences
Processed 3080/29960 sequences
Processed 3090/29960 sequences
Processed 3100/29960 sequences
Processed 3110/29960 sequences
Processed 3120/29960 sequences
Processed 3130/29960 sequences
Processed 3140/29960 sequences
Processed 3150/29960 sequences
Processed 3160/29960 sequences
Processed 3170/29960 sequences
Processed 3180/29960 sequences
Processed 3190/29960 sequences
Processed 3200/29960 sequences
Processed 3210/29960 sequences
Processed 3220/29960 sequences
Processed 3230/29960 sequences
Processed 3240/29960 sequences
Processed 3250/29960 sequences
Processed 3260/29960 sequences
Processed 3270/29960 sequences
Processed 3280/29960 sequences
Processed 3290/29960 sequences
Processed 3300/29960 sequences
Processed 3310/29960 sequences
Processed 3320/29960 sequences
Processed 3330/29960 sequences
Processed 3340/29960 sequences
Processed 3350/29960 sequences
Processed 3360/29960 sequences
Processed 3370/29960 sequences
Processed 3380/29960 sequences
Processed 3390/29960 sequences
Processed 3400/29960 sequences
Processed 3410/29960 sequences
Processed 3420/29960 sequences
Processed 3430/29960 sequences
Processed 3440/29960 sequences
Processed 3450/29960 sequences
Processed 3460/29960 sequences
Processed 3470/29960 sequences
Processed 3480/29960 sequences
Processed 3490/29960 sequences
Processed 3500/29960 sequences
Processed 3510/29960 sequences
Processed 3520/29960 sequences
Processed 3530/29960 sequences
Processed 3540/29960 sequences
Processed 3550/29960 sequences
Processed 3560/29960 sequences
Processed 3570/29960 sequences
Processed 3580/29960 sequences
Processed 3590/29960 sequences
Processed 3600/29960 sequences
Processed 3610/29960 sequences
Processed 3620/29960 sequences
Processed 3630/29960 sequences
Processed 3640/29960 sequences
Processed 3650/29960 sequences
Processed 3660/29960 sequences
Processed 3670/29960 sequences
Processed 3680/29960 sequences
Processed 3690/29960 sequences
Processed 3700/29960 sequences
Processed 3710/29960 sequences
Processed 3720/29960 sequences
Processed 3730/29960 sequences
Processed 3740/29960 sequences
Processed 3750/29960 sequences
Processed 3760/29960 sequences
Processed 3770/29960 sequences
Processed 3780/29960 sequences
Processed 3790/29960 sequences
Processed 3800/29960 sequences
Processed 3810/29960 sequences
Processed 3820/29960 sequences
Processed 3830/29960 sequences
Processed 3840/29960 sequences
Processed 3850/29960 sequences
Processed 3860/29960 sequences
Processed 3870/29960 sequences
Processed 3880/29960 sequences
Processed 3890/29960 sequences
Processed 3900/29960 sequences
Processed 3910/29960 sequences
Processed 3920/29960 sequences
Processed 3930/29960 sequences
Processed 3940/29960 sequences
Processed 3950/29960 sequences
Processed 3960/29960 sequences
Processed 3970/29960 sequences
Processed 3980/29960 sequences
Processed 3990/29960 sequences
Processed 4000/29960 sequences
Processed 4010/29960 sequences
Processed 4020/29960 sequences
Processed 4030/29960 sequences
Processed 4040/29960 sequences
Processed 4050/29960 sequences
Processed 4060/29960 sequences
Processed 4070/29960 sequences
Processed 4080/29960 sequences
Processed 4090/29960 sequences
Processed 4100/29960 sequences
Processed 4110/29960 sequences
Processed 4120/29960 sequences
Processed 4130/29960 sequences
Processed 4140/29960 sequences
Processed 4150/29960 sequences
Processed 4160/29960 sequences
Processed 4170/29960 sequences
Processed 4180/29960 sequences
Processed 4190/29960 sequences
Processed 4200/29960 sequences
Processed 4210/29960 sequences
Processed 4220/29960 sequences
Processed 4230/29960 sequences
Processed 4240/29960 sequences
Processed 4250/29960 sequences
Processed 4260/29960 sequences
Processed 4270/29960 sequences
Processed 4280/29960 sequences
Processed 4290/29960 sequences
Processed 4300/29960 sequences
Processed 4310/29960 sequences
Processed 4320/29960 sequences
Processed 4330/29960 sequences
Processed 4340/29960 sequences
Processed 4350/29960 sequences
Processed 4360/29960 sequences
Processed 4370/29960 sequences
Processed 4380/29960 sequences
Processed 4390/29960 sequences
Processed 4400/29960 sequences
Processed 4410/29960 sequences
Processed 4420/29960 sequences
Processed 4430/29960 sequences
Processed 4440/29960 sequences
Processed 4450/29960 sequences
Processed 4460/29960 sequences
Processed 4470/29960 sequences
Processed 4480/29960 sequences
Processed 4490/29960 sequences
Processed 4500/29960 sequences
Processed 4510/29960 sequences
Processed 4520/29960 sequences
Processed 4530/29960 sequences
Processed 4540/29960 sequences
Processed 4550/29960 sequences
Processed 4560/29960 sequences
Processed 4570/29960 sequences
Processed 4580/29960 sequences
Processed 4590/29960 sequences
Processed 4600/29960 sequences
Processed 4610/29960 sequences
Processed 4620/29960 sequences
Processed 4630/29960 sequences
Processed 4640/29960 sequences
Processed 4650/29960 sequences
Processed 4660/29960 sequences
Processed 4670/29960 sequences
Processed 4680/29960 sequences
Processed 4690/29960 sequences
Processed 4700/29960 sequences
Processed 4710/29960 sequences
Processed 4720/29960 sequences
Processed 4730/29960 sequences
Processed 4740/29960 sequences
Processed 4750/29960 sequences
Processed 4760/29960 sequences
Processed 4770/29960 sequences
Processed 4780/29960 sequences
Processed 4790/29960 sequences
Processed 4800/29960 sequences
Processed 4810/29960 sequences
Processed 4820/29960 sequences
Processed 4830/29960 sequences
Processed 4840/29960 sequences
Processed 4850/29960 sequences
Processed 4860/29960 sequences
Processed 4870/29960 sequences
Processed 4880/29960 sequences
Processed 4890/29960 sequences
Processed 4900/29960 sequences
Processed 4910/29960 sequences
Processed 4920/29960 sequences
Processed 4930/29960 sequences
Processed 4940/29960 sequences
Processed 4950/29960 sequences
Processed 4960/29960 sequences
Processed 4970/29960 sequences
Processed 4980/29960 sequences
Processed 4990/29960 sequences
Processed 5000/29960 sequences
Processed 5010/29960 sequences
Processed 5020/29960 sequences
Processed 5030/29960 sequences
Processed 5040/29960 sequences
Processed 5050/29960 sequences
Processed 5060/29960 sequences
Processed 5070/29960 sequences
Processed 5080/29960 sequences
Processed 5090/29960 sequences
Processed 5100/29960 sequences
Processed 5110/29960 sequences
Processed 5120/29960 sequences
Processed 5130/29960 sequences
Processed 5140/29960 sequences
Processed 5150/29960 sequences
Processed 5160/29960 sequences
Processed 5170/29960 sequences
Processed 5180/29960 sequences
Processed 5190/29960 sequences
Processed 5200/29960 sequences
Processed 5210/29960 sequences
Processed 5220/29960 sequences
Processed 5230/29960 sequences
Processed 5240/29960 sequences
Processed 5250/29960 sequences
Processed 5260/29960 sequences
Processed 5270/29960 sequences
Processed 5280/29960 sequences
Processed 5290/29960 sequences
Processed 5300/29960 sequences
Processed 5310/29960 sequences
Processed 5320/29960 sequences
Processed 5330/29960 sequences
Processed 5340/29960 sequences
Processed 5350/29960 sequences
Processed 5360/29960 sequences
Processed 5370/29960 sequences
Processed 5380/29960 sequences
Processed 5390/29960 sequences
Processed 5400/29960 sequences
Processed 5410/29960 sequences
Processed 5420/29960 sequences
Processed 5430/29960 sequences
Processed 5440/29960 sequences
Processed 5450/29960 sequences
Processed 5460/29960 sequences
Processed 5470/29960 sequences
Processed 5480/29960 sequences
Processed 5490/29960 sequences
Processed 5500/29960 sequences
Processed 5510/29960 sequences
Processed 5520/29960 sequences
Processed 5530/29960 sequences
Processed 5540/29960 sequences
Processed 5550/29960 sequences
Processed 5560/29960 sequences
Processed 5570/29960 sequences
Processed 5580/29960 sequences
Processed 5590/29960 sequences
Processed 5600/29960 sequences
Processed 5610/29960 sequences
Processed 5620/29960 sequences
Processed 5630/29960 sequences
Processed 5640/29960 sequences
Processed 5650/29960 sequences
Processed 5660/29960 sequences
Processed 5670/29960 sequences
Processed 5680/29960 sequences
Processed 5690/29960 sequences
Processed 5700/29960 sequences
Processed 5710/29960 sequences
Processed 5720/29960 sequences
Processed 5730/29960 sequences
Processed 5740/29960 sequences
Processed 5750/29960 sequences
Processed 5760/29960 sequences
Processed 5770/29960 sequences
Processed 5780/29960 sequences
Processed 5790/29960 sequences
Processed 5800/29960 sequences
Processed 5810/29960 sequences
Processed 5820/29960 sequences
Processed 5830/29960 sequences
Processed 5840/29960 sequences
Processed 5850/29960 sequences
Processed 5860/29960 sequences
Processed 5870/29960 sequences
Processed 5880/29960 sequences
Processed 5890/29960 sequences
Processed 5900/29960 sequences
Processed 5910/29960 sequences
Processed 5920/29960 sequences
Processed 5930/29960 sequences
Processed 5940/29960 sequences
Processed 5950/29960 sequences
Processed 5960/29960 sequences
Processed 5970/29960 sequences
Processed 5980/29960 sequences
Processed 5990/29960 sequences
Processed 6000/29960 sequences
Processed 6010/29960 sequences
Processed 6020/29960 sequences
Processed 6030/29960 sequences
Processed 6040/29960 sequences
Processed 6050/29960 sequences
Processed 6060/29960 sequences
Processed 6070/29960 sequences
Processed 6080/29960 sequences
Processed 6090/29960 sequences
Processed 6100/29960 sequences
Processed 6110/29960 sequences
Processed 6120/29960 sequences
Processed 6130/29960 sequences
Processed 6140/29960 sequences
Processed 6150/29960 sequences
Processed 6160/29960 sequences
Processed 6170/29960 sequences
Processed 6180/29960 sequences
Processed 6190/29960 sequences
Processed 6200/29960 sequences
Processed 6210/29960 sequences
Processed 6220/29960 sequences
Processed 6230/29960 sequences
Processed 6240/29960 sequences
Processed 6250/29960 sequences
Processed 6260/29960 sequences
Processed 6270/29960 sequences
Processed 6280/29960 sequences
Processed 6290/29960 sequences
Processed 6300/29960 sequences
Processed 6310/29960 sequences
Processed 6320/29960 sequences
Processed 6330/29960 sequences
Processed 6340/29960 sequences
Processed 6350/29960 sequences
Processed 6360/29960 sequences
Processed 6370/29960 sequences
Processed 6380/29960 sequences
Processed 6390/29960 sequences
Processed 6400/29960 sequences
Processed 6410/29960 sequences
Processed 6420/29960 sequences
Processed 6430/29960 sequences
Processed 6440/29960 sequences
Processed 6450/29960 sequences
Processed 6460/29960 sequences
Processed 6470/29960 sequences
Processed 6480/29960 sequences
Processed 6490/29960 sequences
Processed 6500/29960 sequences
Processed 6510/29960 sequences
Processed 6520/29960 sequences
Processed 6530/29960 sequences
Processed 6540/29960 sequences
Processed 6550/29960 sequences
Processed 6560/29960 sequences
Processed 6570/29960 sequences
Processed 6580/29960 sequences
Processed 6590/29960 sequences
Processed 6600/29960 sequences
Processed 6610/29960 sequences
Processed 6620/29960 sequences
Processed 6630/29960 sequences
Processed 6640/29960 sequences
Processed 6650/29960 sequences
Processed 6660/29960 sequences
Processed 6670/29960 sequences
Processed 6680/29960 sequences
Processed 6690/29960 sequences
Processed 6700/29960 sequences
Processed 6710/29960 sequences
Processed 6720/29960 sequences
Processed 6730/29960 sequences
Processed 6740/29960 sequences
Processed 6750/29960 sequences
Processed 6760/29960 sequences
Processed 6770/29960 sequences
Processed 6780/29960 sequences
Processed 6790/29960 sequences
Processed 6800/29960 sequences
Processed 6810/29960 sequences
Processed 6820/29960 sequences
Processed 6830/29960 sequences
Processed 6840/29960 sequences
Processed 6850/29960 sequences
Processed 6860/29960 sequences
Processed 6870/29960 sequences
Processed 6880/29960 sequences
Processed 6890/29960 sequences
Processed 6900/29960 sequences
Processed 6910/29960 sequences
Processed 6920/29960 sequences
Processed 6930/29960 sequences
Processed 6940/29960 sequences
Processed 6950/29960 sequences
Processed 6960/29960 sequences
Processed 6970/29960 sequences
Processed 6980/29960 sequences
Processed 6990/29960 sequences
Processed 7000/29960 sequences
Processed 7010/29960 sequences
Processed 7020/29960 sequences
Processed 7030/29960 sequences
Processed 7040/29960 sequences
Processed 7050/29960 sequences
Processed 7060/29960 sequences
Processed 7070/29960 sequences
Processed 7080/29960 sequences
Processed 7090/29960 sequences
Processed 7100/29960 sequences
Processed 7110/29960 sequences
Processed 7120/29960 sequences
Processed 7130/29960 sequences
Processed 7140/29960 sequences
Processed 7150/29960 sequences
Processed 7160/29960 sequences
Processed 7170/29960 sequences
Processed 7180/29960 sequences
Processed 7190/29960 sequences
Processed 7200/29960 sequences
Processed 7210/29960 sequences
Processed 7220/29960 sequences
Processed 7230/29960 sequences
Processed 7240/29960 sequences
Processed 7250/29960 sequences
Processed 7260/29960 sequences
Processed 7270/29960 sequences
Processed 7280/29960 sequences
Processed 7290/29960 sequences
Processed 7300/29960 sequences
Processed 7310/29960 sequences
Processed 7320/29960 sequences
Processed 7330/29960 sequences
Processed 7340/29960 sequences
Processed 7350/29960 sequences
Processed 7360/29960 sequences
Processed 7370/29960 sequences
Processed 7380/29960 sequences
Processed 7390/29960 sequences
Processed 7400/29960 sequences
Processed 7410/29960 sequences
Processed 7420/29960 sequences
Processed 7430/29960 sequences
Processed 7440/29960 sequences
Processed 7450/29960 sequences
Processed 7460/29960 sequences
Processed 7470/29960 sequences
Processed 7480/29960 sequences
Processed 7490/29960 sequences
Processed 7500/29960 sequences
Processed 7510/29960 sequences
Processed 7520/29960 sequences
Processed 7530/29960 sequences
Processed 7540/29960 sequences
Processed 7550/29960 sequences
Processed 7560/29960 sequences
Processed 7570/29960 sequences
Processed 7580/29960 sequences
Processed 7590/29960 sequences
Processed 7600/29960 sequences
Processed 7610/29960 sequences
Processed 7620/29960 sequences
Processed 7630/29960 sequences
Processed 7640/29960 sequences
Processed 7650/29960 sequences
Processed 7660/29960 sequences
Processed 7670/29960 sequences
Processed 7680/29960 sequences
Processed 7690/29960 sequences
Processed 7700/29960 sequences
Processed 7710/29960 sequences
Processed 7720/29960 sequences
Processed 7730/29960 sequences
Processed 7740/29960 sequences
Processed 7750/29960 sequences
Processed 7760/29960 sequences
Processed 7770/29960 sequences
Processed 7780/29960 sequences
Processed 7790/29960 sequences
Processed 7800/29960 sequences
Processed 7810/29960 sequences
Processed 7820/29960 sequences
Processed 7830/29960 sequences
Processed 7840/29960 sequences
Processed 7850/29960 sequences
Processed 7860/29960 sequences
Processed 7870/29960 sequences
Processed 7880/29960 sequences
Processed 7890/29960 sequences
Processed 7900/29960 sequences
Processed 7910/29960 sequences
Processed 7920/29960 sequences
Processed 7930/29960 sequences
Processed 7940/29960 sequences
Processed 7950/29960 sequences
Processed 7960/29960 sequences
Processed 7970/29960 sequences
Processed 7980/29960 sequences
Processed 7990/29960 sequences
Processed 8000/29960 sequences
Processed 8010/29960 sequences
Processed 8020/29960 sequences
Processed 8030/29960 sequences
Processed 8040/29960 sequences
Processed 8050/29960 sequences
Processed 8060/29960 sequences
Processed 8070/29960 sequences
Processed 8080/29960 sequences
Processed 8090/29960 sequences
Processed 8100/29960 sequences
Processed 8110/29960 sequences
Processed 8120/29960 sequences
Processed 8130/29960 sequences
Processed 8140/29960 sequences
Processed 8150/29960 sequences
Processed 8160/29960 sequences
Processed 8170/29960 sequences
Processed 8180/29960 sequences
Processed 8190/29960 sequences
Processed 8200/29960 sequences
Processed 8210/29960 sequences
Processed 8220/29960 sequences
Processed 8230/29960 sequences
Processed 8240/29960 sequences
Processed 8250/29960 sequences
Processed 8260/29960 sequences
Processed 8270/29960 sequences
Processed 8280/29960 sequences
Processed 8290/29960 sequences
Processed 8300/29960 sequences
Processed 8310/29960 sequences
Processed 8320/29960 sequences
Processed 8330/29960 sequences
Processed 8340/29960 sequences
Processed 8350/29960 sequences
Processed 8360/29960 sequences
Processed 8370/29960 sequences
Processed 8380/29960 sequences
Processed 8390/29960 sequences
Processed 8400/29960 sequences
Processed 8410/29960 sequences
Processed 8420/29960 sequences
Processed 8430/29960 sequences
Processed 8440/29960 sequences
Processed 8450/29960 sequences
Processed 8460/29960 sequences
Processed 8470/29960 sequences
Processed 8480/29960 sequences
Processed 8490/29960 sequences
Processed 8500/29960 sequences
Processed 8510/29960 sequences
Processed 8520/29960 sequences
Processed 8530/29960 sequences
Processed 8540/29960 sequences
Processed 8550/29960 sequences
Processed 8560/29960 sequences
Processed 8570/29960 sequences
Processed 8580/29960 sequences
Processed 8590/29960 sequences
Processed 8600/29960 sequences
Processed 8610/29960 sequences
Processed 8620/29960 sequences
Processed 8630/29960 sequences
Processed 8640/29960 sequences
Processed 8650/29960 sequences
Processed 8660/29960 sequences
Processed 8670/29960 sequences
Processed 8680/29960 sequences
Processed 8690/29960 sequences
Processed 8700/29960 sequences
Processed 8710/29960 sequences
Processed 8720/29960 sequences
Processed 8730/29960 sequences
Processed 8740/29960 sequences
Processed 8750/29960 sequences
Processed 8760/29960 sequences
Processed 8770/29960 sequences
Processed 8780/29960 sequences
Processed 8790/29960 sequences
Processed 8800/29960 sequences
Processed 8810/29960 sequences
Processed 8820/29960 sequences
Processed 8830/29960 sequences
Processed 8840/29960 sequences
Processed 8850/29960 sequences
Processed 8860/29960 sequences
Processed 8870/29960 sequences
Processed 8880/29960 sequences
Processed 8890/29960 sequences
Processed 8900/29960 sequences
Processed 8910/29960 sequences
Processed 8920/29960 sequences
Processed 8930/29960 sequences
Processed 8940/29960 sequences
Processed 8950/29960 sequences
Processed 8960/29960 sequences
Processed 8970/29960 sequences
Processed 8980/29960 sequences
Processed 8990/29960 sequences
Processed 9000/29960 sequences
Processed 9010/29960 sequences
Processed 9020/29960 sequences
Processed 9030/29960 sequences
Processed 9040/29960 sequences
Processed 9050/29960 sequences
Processed 9060/29960 sequences
Processed 9070/29960 sequences
Processed 9080/29960 sequences
Processed 9090/29960 sequences
Processed 9100/29960 sequences
Processed 9110/29960 sequences
Processed 9120/29960 sequences
Processed 9130/29960 sequences
Processed 9140/29960 sequences
Processed 9150/29960 sequences
Processed 9160/29960 sequences
Processed 9170/29960 sequences
Processed 9180/29960 sequences
Processed 9190/29960 sequences
Processed 9200/29960 sequences
Processed 9210/29960 sequences
Processed 9220/29960 sequences
Processed 9230/29960 sequences
Processed 9240/29960 sequences
Processed 9250/29960 sequences
Processed 9260/29960 sequences
Processed 9270/29960 sequences
Processed 9280/29960 sequences
Processed 9290/29960 sequences
Processed 9300/29960 sequences
Processed 9310/29960 sequences
Processed 9320/29960 sequences
Processed 9330/29960 sequences
Processed 9340/29960 sequences
Processed 9350/29960 sequences
Processed 9360/29960 sequences
Processed 9370/29960 sequences
Processed 9380/29960 sequences
Processed 9390/29960 sequences
Processed 9400/29960 sequences
Processed 9410/29960 sequences
Processed 9420/29960 sequences
Processed 9430/29960 sequences
Processed 9440/29960 sequences
Processed 9450/29960 sequences
Processed 9460/29960 sequences
Processed 9470/29960 sequences
Processed 9480/29960 sequences
Processed 9490/29960 sequences
Processed 9500/29960 sequences
Processed 9510/29960 sequences
Processed 9520/29960 sequences
Processed 9530/29960 sequences
Processed 9540/29960 sequences
Processed 9550/29960 sequences
Processed 9560/29960 sequences
Processed 9570/29960 sequences
Processed 9580/29960 sequences
Processed 9590/29960 sequences
Processed 9600/29960 sequences
Processed 9610/29960 sequences
Processed 9620/29960 sequences
Processed 9630/29960 sequences
Processed 9640/29960 sequences
Processed 9650/29960 sequences
Processed 9660/29960 sequences
Processed 9670/29960 sequences
Processed 9680/29960 sequences
Processed 9690/29960 sequences
Processed 9700/29960 sequences
Processed 9710/29960 sequences
Processed 9720/29960 sequences
Processed 9730/29960 sequences
Processed 9740/29960 sequences
Processed 9750/29960 sequences
Processed 9760/29960 sequences
Processed 9770/29960 sequences
Processed 9780/29960 sequences
Processed 9790/29960 sequences
Processed 9800/29960 sequences
Processed 9810/29960 sequences
Processed 9820/29960 sequences
Processed 9830/29960 sequences
Processed 9840/29960 sequences
Processed 9850/29960 sequences
Processed 9860/29960 sequences
Processed 9870/29960 sequences
Processed 9880/29960 sequences
Processed 9890/29960 sequences
Processed 9900/29960 sequences
Processed 9910/29960 sequences
Processed 9920/29960 sequences
Processed 9930/29960 sequences
Processed 9940/29960 sequences
Processed 9950/29960 sequences
Processed 9960/29960 sequences
Processed 9970/29960 sequences
Processed 9980/29960 sequences
Processed 9990/29960 sequences
Processed 10000/29960 sequences
Processed 10010/29960 sequences
Processed 10020/29960 sequences
Processed 10030/29960 sequences
Processed 10040/29960 sequences
Processed 10050/29960 sequences
Processed 10060/29960 sequences
Processed 10070/29960 sequences
Processed 10080/29960 sequences
Processed 10090/29960 sequences
Processed 10100/29960 sequences
Processed 10110/29960 sequences
Processed 10120/29960 sequences
Processed 10130/29960 sequences
Processed 10140/29960 sequences
Processed 10150/29960 sequences
Processed 10160/29960 sequences
Processed 10170/29960 sequences
Processed 10180/29960 sequences
Processed 10190/29960 sequences
Processed 10200/29960 sequences
Processed 10210/29960 sequences
Processed 10220/29960 sequences
Processed 10230/29960 sequences
Processed 10240/29960 sequences
Processed 10250/29960 sequences
Processed 10260/29960 sequences
Processed 10270/29960 sequences
Processed 10280/29960 sequences
Processed 10290/29960 sequences
Processed 10300/29960 sequences
Processed 10310/29960 sequences
Processed 10320/29960 sequences
Processed 10330/29960 sequences
Processed 10340/29960 sequences
Processed 10350/29960 sequences
Processed 10360/29960 sequences
Processed 10370/29960 sequences
Processed 10380/29960 sequences
Processed 10390/29960 sequences
Processed 10400/29960 sequences
Processed 10410/29960 sequences
Processed 10420/29960 sequences
Processed 10430/29960 sequences
Processed 10440/29960 sequences
Processed 10450/29960 sequences
Processed 10460/29960 sequences
Processed 10470/29960 sequences
Processed 10480/29960 sequences
Processed 10490/29960 sequences
Processed 10500/29960 sequences
Processed 10510/29960 sequences
Processed 10520/29960 sequences
Processed 10530/29960 sequences
Processed 10540/29960 sequences
Processed 10550/29960 sequences
Processed 10560/29960 sequences
Processed 10570/29960 sequences
Processed 10580/29960 sequences
Processed 10590/29960 sequences
Processed 10600/29960 sequences
Processed 10610/29960 sequences
Processed 10620/29960 sequences
Processed 10630/29960 sequences
Processed 10640/29960 sequences
Processed 10650/29960 sequences
Processed 10660/29960 sequences
Processed 10670/29960 sequences
Processed 10680/29960 sequences
Processed 10690/29960 sequences
Processed 10700/29960 sequences
Processed 10710/29960 sequences
Processed 10720/29960 sequences
Processed 10730/29960 sequences
Processed 10740/29960 sequences
Processed 10750/29960 sequences
Processed 10760/29960 sequences
Processed 10770/29960 sequences
Processed 10780/29960 sequences
Processed 10790/29960 sequences
Processed 10800/29960 sequences
Processed 10810/29960 sequences
Processed 10820/29960 sequences
Processed 10830/29960 sequences
Processed 10840/29960 sequences
Processed 10850/29960 sequences
Processed 10860/29960 sequences
Processed 10870/29960 sequences
Processed 10880/29960 sequences
Processed 10890/29960 sequences
Processed 10900/29960 sequences
Processed 10910/29960 sequences
Processed 10920/29960 sequences
Processed 10930/29960 sequences
Processed 10940/29960 sequences
Processed 10950/29960 sequences
Processed 10960/29960 sequences
Processed 10970/29960 sequences
Processed 10980/29960 sequences
Processed 10990/29960 sequences
Processed 11000/29960 sequences
Processed 11010/29960 sequences
Processed 11020/29960 sequences
Processed 11030/29960 sequences
Processed 11040/29960 sequences
Processed 11050/29960 sequences
Processed 11060/29960 sequences
Processed 11070/29960 sequences
Processed 11080/29960 sequences
Processed 11090/29960 sequences
Processed 11100/29960 sequences
Processed 11110/29960 sequences
Processed 11120/29960 sequences
Processed 11130/29960 sequences
Processed 11140/29960 sequences
Processed 11150/29960 sequences
Processed 11160/29960 sequences
Processed 11170/29960 sequences
Processed 11180/29960 sequences
Processed 11190/29960 sequences
Processed 11200/29960 sequences
Processed 11210/29960 sequences
Processed 11220/29960 sequences
Processed 11230/29960 sequences
Processed 11240/29960 sequences
Processed 11250/29960 sequences
Processed 11260/29960 sequences
Processed 11270/29960 sequences
Processed 11280/29960 sequences
Processed 11290/29960 sequences
Processed 11300/29960 sequences
Processed 11310/29960 sequences
Processed 11320/29960 sequences
Processed 11330/29960 sequences
Processed 11340/29960 sequences
Processed 11350/29960 sequences
Processed 11360/29960 sequences
Processed 11370/29960 sequences
Processed 11380/29960 sequences
Processed 11390/29960 sequences
Processed 11400/29960 sequences
Processed 11410/29960 sequences
Processed 11420/29960 sequences
Processed 11430/29960 sequences
Processed 11440/29960 sequences
Processed 11450/29960 sequences
Processed 11460/29960 sequences
Processed 11470/29960 sequences
Processed 11480/29960 sequences
Processed 11490/29960 sequences
Processed 11500/29960 sequences
Processed 11510/29960 sequences
Processed 11520/29960 sequences
Processed 11530/29960 sequences
Processed 11540/29960 sequences
Processed 11550/29960 sequences
Processed 11560/29960 sequences
Processed 11570/29960 sequences
Processed 11580/29960 sequences
Processed 11590/29960 sequences
Processed 11600/29960 sequences
Processed 11610/29960 sequences
Processed 11620/29960 sequences
Processed 11630/29960 sequences
Processed 11640/29960 sequences
Processed 11650/29960 sequences
Processed 11660/29960 sequences
Processed 11670/29960 sequences
Processed 11680/29960 sequences
Processed 11690/29960 sequences
Processed 11700/29960 sequences
Processed 11710/29960 sequences
Processed 11720/29960 sequences
Processed 11730/29960 sequences
Processed 11740/29960 sequences
Processed 11750/29960 sequences
Processed 11760/29960 sequences
Processed 11770/29960 sequences
Processed 11780/29960 sequences
Processed 11790/29960 sequences
Processed 11800/29960 sequences
Processed 11810/29960 sequences
Processed 11820/29960 sequences
Processed 11830/29960 sequences
Processed 11840/29960 sequences
Processed 11850/29960 sequences
Processed 11860/29960 sequences
Processed 11870/29960 sequences
Processed 11880/29960 sequences
Processed 11890/29960 sequences
Processed 11900/29960 sequences
Processed 11910/29960 sequences
Processed 11920/29960 sequences
Processed 11930/29960 sequences
Processed 11940/29960 sequences
Processed 11950/29960 sequences
Processed 11960/29960 sequences
Processed 11970/29960 sequences
Processed 11980/29960 sequences
Processed 11990/29960 sequences
Processed 12000/29960 sequences
Processed 12010/29960 sequences
Processed 12020/29960 sequences
Processed 12030/29960 sequences
Processed 12040/29960 sequences
Processed 12050/29960 sequences
Processed 12060/29960 sequences
Processed 12070/29960 sequences
Processed 12080/29960 sequences
Processed 12090/29960 sequences
Processed 12100/29960 sequences
Processed 12110/29960 sequences
Processed 12120/29960 sequences
Processed 12130/29960 sequences
Processed 12140/29960 sequences
Processed 12150/29960 sequences
Processed 12160/29960 sequences
Processed 12170/29960 sequences
Processed 12180/29960 sequences
Processed 12190/29960 sequences
Processed 12200/29960 sequences
Processed 12210/29960 sequences
Processed 12220/29960 sequences
Processed 12230/29960 sequences
Processed 12240/29960 sequences
Processed 12250/29960 sequences
Processed 12260/29960 sequences
Processed 12270/29960 sequences
Processed 12280/29960 sequences
Processed 12290/29960 sequences
Processed 12300/29960 sequences
Processed 12310/29960 sequences
Processed 12320/29960 sequences
Processed 12330/29960 sequences
Processed 12340/29960 sequences
Processed 12350/29960 sequences
Processed 12360/29960 sequences
Processed 12370/29960 sequences
Processed 12380/29960 sequences
Processed 12390/29960 sequences
Processed 12400/29960 sequences
Processed 12410/29960 sequences
Processed 12420/29960 sequences
Processed 12430/29960 sequences
Processed 12440/29960 sequences
Processed 12450/29960 sequences
Processed 12460/29960 sequences
Processed 12470/29960 sequences
Processed 12480/29960 sequences
Processed 12490/29960 sequences
Processed 12500/29960 sequences
Processed 12510/29960 sequences
Processed 12520/29960 sequences
Processed 12530/29960 sequences
Processed 12540/29960 sequences
Processed 12550/29960 sequences
Processed 12560/29960 sequences
Processed 12570/29960 sequences
Processed 12580/29960 sequences
Processed 12590/29960 sequences
Processed 12600/29960 sequences
Processed 12610/29960 sequences
Processed 12620/29960 sequences
Processed 12630/29960 sequences
Processed 12640/29960 sequences
Processed 12650/29960 sequences
Processed 12660/29960 sequences
Processed 12670/29960 sequences
Processed 12680/29960 sequences
Processed 12690/29960 sequences
Processed 12700/29960 sequences
Processed 12710/29960 sequences
Processed 12720/29960 sequences
Processed 12730/29960 sequences
Processed 12740/29960 sequences
Processed 12750/29960 sequences
Processed 12760/29960 sequences
Processed 12770/29960 sequences
Processed 12780/29960 sequences
Processed 12790/29960 sequences
Processed 12800/29960 sequences
Processed 12810/29960 sequences
Processed 12820/29960 sequences
Processed 12830/29960 sequences
Processed 12840/29960 sequences
Processed 12850/29960 sequences
Processed 12860/29960 sequences
Processed 12870/29960 sequences
Processed 12880/29960 sequences
Processed 12890/29960 sequences
Processed 12900/29960 sequences
Processed 12910/29960 sequences
Processed 12920/29960 sequences
Processed 12930/29960 sequences
Processed 12940/29960 sequences
Processed 12950/29960 sequences
Processed 12960/29960 sequences
Processed 12970/29960 sequences
Processed 12980/29960 sequences
Processed 12990/29960 sequences
Processed 13000/29960 sequences
Processed 13010/29960 sequences
Processed 13020/29960 sequences
Processed 13030/29960 sequences
Processed 13040/29960 sequences
Processed 13050/29960 sequences
Processed 13060/29960 sequences
Processed 13070/29960 sequences
Processed 13080/29960 sequences
Processed 13090/29960 sequences
Processed 13100/29960 sequences
Processed 13110/29960 sequences
Processed 13120/29960 sequences
Processed 13130/29960 sequences
Processed 13140/29960 sequences
Processed 13150/29960 sequences
Processed 13160/29960 sequences
Processed 13170/29960 sequences
Processed 13180/29960 sequences
Processed 13190/29960 sequences
Processed 13200/29960 sequences
Processed 13210/29960 sequences
Processed 13220/29960 sequences
Processed 13230/29960 sequences
Processed 13240/29960 sequences
Processed 13250/29960 sequences
Processed 13260/29960 sequences
Processed 13270/29960 sequences
Processed 13280/29960 sequences
Processed 13290/29960 sequences
Processed 13300/29960 sequences
Processed 13310/29960 sequences
Processed 13320/29960 sequences
Processed 13330/29960 sequences
Processed 13340/29960 sequences
Processed 13350/29960 sequences
Processed 13360/29960 sequences
Processed 13370/29960 sequences
Processed 13380/29960 sequences
Processed 13390/29960 sequences
Processed 13400/29960 sequences
Processed 13410/29960 sequences
Processed 13420/29960 sequences
Processed 13430/29960 sequences
Processed 13440/29960 sequences
Processed 13450/29960 sequences
Processed 13460/29960 sequences
Processed 13470/29960 sequences
Processed 13480/29960 sequences
Processed 13490/29960 sequences
Processed 13500/29960 sequences
Processed 13510/29960 sequences
Processed 13520/29960 sequences
Processed 13530/29960 sequences
Processed 13540/29960 sequences
Processed 13550/29960 sequences
Processed 13560/29960 sequences
Processed 13570/29960 sequences
Processed 13580/29960 sequences
Processed 13590/29960 sequences
Processed 13600/29960 sequences
Processed 13610/29960 sequences
Processed 13620/29960 sequences
Processed 13630/29960 sequences
Processed 13640/29960 sequences
Processed 13650/29960 sequences
Processed 13660/29960 sequences
Processed 13670/29960 sequences
Processed 13680/29960 sequences
Processed 13690/29960 sequences
Processed 13700/29960 sequences
Processed 13710/29960 sequences
Processed 13720/29960 sequences
Processed 13730/29960 sequences
Processed 13740/29960 sequences
Processed 13750/29960 sequences
Processed 13760/29960 sequences
Processed 13770/29960 sequences
Processed 13780/29960 sequences
Processed 13790/29960 sequences
Processed 13800/29960 sequences
Processed 13810/29960 sequences
Processed 13820/29960 sequences
Processed 13830/29960 sequences
Processed 13840/29960 sequences
Processed 13850/29960 sequences
Processed 13860/29960 sequences
Processed 13870/29960 sequences
Processed 13880/29960 sequences
Processed 13890/29960 sequences
Processed 13900/29960 sequences
Processed 13910/29960 sequences
Processed 13920/29960 sequences
Processed 13930/29960 sequences
Processed 13940/29960 sequences
Processed 13950/29960 sequences
Processed 13960/29960 sequences
Processed 13970/29960 sequences
Processed 13980/29960 sequences
Processed 13990/29960 sequences
Processed 14000/29960 sequences
Processed 14010/29960 sequences
Processed 14020/29960 sequences
Processed 14030/29960 sequences
Processed 14040/29960 sequences
Processed 14050/29960 sequences
Processed 14060/29960 sequences
Processed 14070/29960 sequences
Processed 14080/29960 sequences
Processed 14090/29960 sequences
Processed 14100/29960 sequences
Processed 14110/29960 sequences
Processed 14120/29960 sequences
Processed 14130/29960 sequences
Processed 14140/29960 sequences
Processed 14150/29960 sequences
Processed 14160/29960 sequences
Processed 14170/29960 sequences
Processed 14180/29960 sequences
Processed 14190/29960 sequences
Processed 14200/29960 sequences
Processed 14210/29960 sequences
Processed 14220/29960 sequences
Processed 14230/29960 sequences
Processed 14240/29960 sequences
Processed 14250/29960 sequences
Processed 14260/29960 sequences
Processed 14270/29960 sequences
Processed 14280/29960 sequences
Processed 14290/29960 sequences
Processed 14300/29960 sequences
Processed 14310/29960 sequences
Processed 14320/29960 sequences
Processed 14330/29960 sequences
Processed 14340/29960 sequences
Processed 14350/29960 sequences
Processed 14360/29960 sequences
Processed 14370/29960 sequences
Processed 14380/29960 sequences
Processed 14390/29960 sequences
Processed 14400/29960 sequences
Processed 14410/29960 sequences
Processed 14420/29960 sequences
Processed 14430/29960 sequences
Processed 14440/29960 sequences
Processed 14450/29960 sequences
Processed 14460/29960 sequences
Processed 14470/29960 sequences
Processed 14480/29960 sequences
Processed 14490/29960 sequences
Processed 14500/29960 sequences
Processed 14510/29960 sequences
Processed 14520/29960 sequences
Processed 14530/29960 sequences
Processed 14540/29960 sequences
Processed 14550/29960 sequences
Processed 14560/29960 sequences
Processed 14570/29960 sequences
Processed 14580/29960 sequences
Processed 14590/29960 sequences
Processed 14600/29960 sequences
Processed 14610/29960 sequences
Processed 14620/29960 sequences
Processed 14630/29960 sequences
Processed 14640/29960 sequences
Processed 14650/29960 sequences
Processed 14660/29960 sequences
Processed 14670/29960 sequences
Processed 14680/29960 sequences
Processed 14690/29960 sequences
Processed 14700/29960 sequences
Processed 14710/29960 sequences
Processed 14720/29960 sequences
Processed 14730/29960 sequences
Processed 14740/29960 sequences
Processed 14750/29960 sequences
Processed 14760/29960 sequences
Processed 14770/29960 sequences
Processed 14780/29960 sequences
Processed 14790/29960 sequences
Processed 14800/29960 sequences
Processed 14810/29960 sequences
Processed 14820/29960 sequences
Processed 14830/29960 sequences
Processed 14840/29960 sequences
Processed 14850/29960 sequences
Processed 14860/29960 sequences
Processed 14870/29960 sequences
Processed 14880/29960 sequences
Processed 14890/29960 sequences
Processed 14900/29960 sequences
Processed 14910/29960 sequences
Processed 14920/29960 sequences
Processed 14930/29960 sequences
Processed 14940/29960 sequences
Processed 14950/29960 sequences
Processed 14960/29960 sequences
Processed 14970/29960 sequences
Processed 14980/29960 sequences
Processed 14990/29960 sequences
Processed 15000/29960 sequences
Processed 15010/29960 sequences
Processed 15020/29960 sequences
Processed 15030/29960 sequences
Processed 15040/29960 sequences
Processed 15050/29960 sequences
Processed 15060/29960 sequences
Processed 15070/29960 sequences
Processed 15080/29960 sequences
Processed 15090/29960 sequences
Processed 15100/29960 sequences
Processed 15110/29960 sequences
Processed 15120/29960 sequences
Processed 15130/29960 sequences
Processed 15140/29960 sequences
Processed 15150/29960 sequences
Processed 15160/29960 sequences
Processed 15170/29960 sequences
Processed 15180/29960 sequences
Processed 15190/29960 sequences
Processed 15200/29960 sequences
Processed 15210/29960 sequences
Processed 15220/29960 sequences
Processed 15230/29960 sequences
Processed 15240/29960 sequences
Processed 15250/29960 sequences
Processed 15260/29960 sequences
Processed 15270/29960 sequences
Processed 15280/29960 sequences
Processed 15290/29960 sequences
Processed 15300/29960 sequences
Processed 15310/29960 sequences
Processed 15320/29960 sequences
Processed 15330/29960 sequences
Processed 15340/29960 sequences
Processed 15350/29960 sequences
Processed 15360/29960 sequences
Processed 15370/29960 sequences
Processed 15380/29960 sequences
Processed 15390/29960 sequences
Processed 15400/29960 sequences
Processed 15410/29960 sequences
Processed 15420/29960 sequences
Processed 15430/29960 sequences
Processed 15440/29960 sequences
Processed 15450/29960 sequences
Processed 15460/29960 sequences
Processed 15470/29960 sequences
Processed 15480/29960 sequences
Processed 15490/29960 sequences
Processed 15500/29960 sequences
Processed 15510/29960 sequences
Processed 15520/29960 sequences
Processed 15530/29960 sequences
Processed 15540/29960 sequences
Processed 15550/29960 sequences
Processed 15560/29960 sequences
Processed 15570/29960 sequences
Processed 15580/29960 sequences
Processed 15590/29960 sequences
Processed 15600/29960 sequences
Processed 15610/29960 sequences
Processed 15620/29960 sequences
Processed 15630/29960 sequences
Processed 15640/29960 sequences
Processed 15650/29960 sequences
Processed 15660/29960 sequences
Processed 15670/29960 sequences
Processed 15680/29960 sequences
Processed 15690/29960 sequences
Processed 15700/29960 sequences
Processed 15710/29960 sequences
Processed 15720/29960 sequences
Processed 15730/29960 sequences
Processed 15740/29960 sequences
Processed 15750/29960 sequences
Processed 15760/29960 sequences
Processed 15770/29960 sequences
Processed 15780/29960 sequences
Processed 15790/29960 sequences
Processed 15800/29960 sequences
Processed 15810/29960 sequences
Processed 15820/29960 sequences
Processed 15830/29960 sequences
Processed 15840/29960 sequences
Processed 15850/29960 sequences
Processed 15860/29960 sequences
Processed 15870/29960 sequences
Processed 15880/29960 sequences
Processed 15890/29960 sequences
Processed 15900/29960 sequences
Processed 15910/29960 sequences
Processed 15920/29960 sequences
Processed 15930/29960 sequences
Processed 15940/29960 sequences
Processed 15950/29960 sequences
Processed 15960/29960 sequences
Processed 15970/29960 sequences
Processed 15980/29960 sequences
Processed 15990/29960 sequences
Processed 16000/29960 sequences
Processed 16010/29960 sequences
Processed 16020/29960 sequences
Processed 16030/29960 sequences
Processed 16040/29960 sequences
Processed 16050/29960 sequences
Processed 16060/29960 sequences
Processed 16070/29960 sequences
Processed 16080/29960 sequences
Processed 16090/29960 sequences
Processed 16100/29960 sequences
Processed 16110/29960 sequences
Processed 16120/29960 sequences
Processed 16130/29960 sequences
Processed 16140/29960 sequences
Processed 16150/29960 sequences
Processed 16160/29960 sequences
Processed 16170/29960 sequences
Processed 16180/29960 sequences
Processed 16190/29960 sequences
Processed 16200/29960 sequences
Processed 16210/29960 sequences
Processed 16220/29960 sequences
Processed 16230/29960 sequences
Processed 16240/29960 sequences
Processed 16250/29960 sequences
Processed 16260/29960 sequences
Processed 16270/29960 sequences
Processed 16280/29960 sequences
Processed 16290/29960 sequences
Processed 16300/29960 sequences
Processed 16310/29960 sequences
Processed 16320/29960 sequences
Processed 16330/29960 sequences
Processed 16340/29960 sequences
Processed 16350/29960 sequences
Processed 16360/29960 sequences
Processed 16370/29960 sequences
Processed 16380/29960 sequences
Processed 16390/29960 sequences
Processed 16400/29960 sequences
Processed 16410/29960 sequences
Processed 16420/29960 sequences
Processed 16430/29960 sequences
Processed 16440/29960 sequences
Processed 16450/29960 sequences
Processed 16460/29960 sequences
Processed 16470/29960 sequences
Processed 16480/29960 sequences
Processed 16490/29960 sequences
Processed 16500/29960 sequences
Processed 16510/29960 sequences
Processed 16520/29960 sequences
Processed 16530/29960 sequences
Processed 16540/29960 sequences
Processed 16550/29960 sequences
Processed 16560/29960 sequences
Processed 16570/29960 sequences
Processed 16580/29960 sequences
Processed 16590/29960 sequences
Processed 16600/29960 sequences
Processed 16610/29960 sequences
Processed 16620/29960 sequences
Processed 16630/29960 sequences
Processed 16640/29960 sequences
Processed 16650/29960 sequences
Processed 16660/29960 sequences
Processed 16670/29960 sequences
Processed 16680/29960 sequences
Processed 16690/29960 sequences
Processed 16700/29960 sequences
Processed 16710/29960 sequences
Processed 16720/29960 sequences
Processed 16730/29960 sequences
Processed 16740/29960 sequences
Processed 16750/29960 sequences
Processed 16760/29960 sequences
Processed 16770/29960 sequences
Processed 16780/29960 sequences
Processed 16790/29960 sequences
Processed 16800/29960 sequences
Processed 16810/29960 sequences
Processed 16820/29960 sequences
Processed 16830/29960 sequences
Processed 16840/29960 sequences
Processed 16850/29960 sequences
Processed 16860/29960 sequences
Processed 16870/29960 sequences
Processed 16880/29960 sequences
Processed 16890/29960 sequences
Processed 16900/29960 sequences
Processed 16910/29960 sequences
Processed 16920/29960 sequences
Processed 16930/29960 sequences
Processed 16940/29960 sequences
Processed 16950/29960 sequences
Processed 16960/29960 sequences
Processed 16970/29960 sequences
Processed 16980/29960 sequences
Processed 16990/29960 sequences
Processed 17000/29960 sequences
Processed 17010/29960 sequences
Processed 17020/29960 sequences
Processed 17030/29960 sequences
Processed 17040/29960 sequences
Processed 17050/29960 sequences
Processed 17060/29960 sequences
Processed 17070/29960 sequences
Processed 17080/29960 sequences
Processed 17090/29960 sequences
Processed 17100/29960 sequences
Processed 17110/29960 sequences
Processed 17120/29960 sequences
Processed 17130/29960 sequences
Processed 17140/29960 sequences
Processed 17150/29960 sequences
Processed 17160/29960 sequences
Processed 17170/29960 sequences
Processed 17180/29960 sequences
Processed 17190/29960 sequences
Processed 17200/29960 sequences
Processed 17210/29960 sequences
Processed 17220/29960 sequences
Processed 17230/29960 sequences
Processed 17240/29960 sequences
Processed 17250/29960 sequences
Processed 17260/29960 sequences
Processed 17270/29960 sequences
Processed 17280/29960 sequences
Processed 17290/29960 sequences
Processed 17300/29960 sequences
Processed 17310/29960 sequences
Processed 17320/29960 sequences
Processed 17330/29960 sequences
Processed 17340/29960 sequences
Processed 17350/29960 sequences
Processed 17360/29960 sequences
Processed 17370/29960 sequences
Processed 17380/29960 sequences
Processed 17390/29960 sequences
Processed 17400/29960 sequences
Processed 17410/29960 sequences
Processed 17420/29960 sequences
Processed 17430/29960 sequences
Processed 17440/29960 sequences
Processed 17450/29960 sequences
Processed 17460/29960 sequences
Processed 17470/29960 sequences
Processed 17480/29960 sequences
Processed 17490/29960 sequences
Processed 17500/29960 sequences
Processed 17510/29960 sequences
Processed 17520/29960 sequences
Processed 17530/29960 sequences
Processed 17540/29960 sequences
Processed 17550/29960 sequences
Processed 17560/29960 sequences
Processed 17570/29960 sequences
Processed 17580/29960 sequences
Processed 17590/29960 sequences
Processed 17600/29960 sequences
Processed 17610/29960 sequences
Processed 17620/29960 sequences
Processed 17630/29960 sequences
Processed 17640/29960 sequences
Processed 17650/29960 sequences
Processed 17660/29960 sequences
Processed 17670/29960 sequences
Processed 17680/29960 sequences
Processed 17690/29960 sequences
Processed 17700/29960 sequences
Processed 17710/29960 sequences
Processed 17720/29960 sequences
Processed 17730/29960 sequences
Processed 17740/29960 sequences
Processed 17750/29960 sequences
Processed 17760/29960 sequences
Processed 17770/29960 sequences
Processed 17780/29960 sequences
Processed 17790/29960 sequences
Processed 17800/29960 sequences
Processed 17810/29960 sequences
Processed 17820/29960 sequences
Processed 17830/29960 sequences
Processed 17840/29960 sequences
Processed 17850/29960 sequences
Processed 17860/29960 sequences
Processed 17870/29960 sequences
Processed 17880/29960 sequences
Processed 17890/29960 sequences
Processed 17900/29960 sequences
Processed 17910/29960 sequences
Processed 17920/29960 sequences
Processed 17930/29960 sequences
Processed 17940/29960 sequences
Processed 17950/29960 sequences
Processed 17960/29960 sequences
Processed 17970/29960 sequences
Processed 17980/29960 sequences
Processed 17990/29960 sequences
Processed 18000/29960 sequences
Processed 18010/29960 sequences
Processed 18020/29960 sequences
Processed 18030/29960 sequences
Processed 18040/29960 sequences
Processed 18050/29960 sequences
Processed 18060/29960 sequences
Processed 18070/29960 sequences
Processed 18080/29960 sequences
Processed 18090/29960 sequences
Processed 18100/29960 sequences
Processed 18110/29960 sequences
Processed 18120/29960 sequences
Processed 18130/29960 sequences
Processed 18140/29960 sequences
Processed 18150/29960 sequences
Processed 18160/29960 sequences
Processed 18170/29960 sequences
Processed 18180/29960 sequences
Processed 18190/29960 sequences
Processed 18200/29960 sequences
Processed 18210/29960 sequences
Processed 18220/29960 sequences
Processed 18230/29960 sequences
Processed 18240/29960 sequences
Processed 18250/29960 sequences
Processed 18260/29960 sequences
Processed 18270/29960 sequences
Processed 18280/29960 sequences
Processed 18290/29960 sequences
Processed 18300/29960 sequences
Processed 18310/29960 sequences
Processed 18320/29960 sequences
Processed 18330/29960 sequences
Processed 18340/29960 sequences
Processed 18350/29960 sequences
Processed 18360/29960 sequences
Processed 18370/29960 sequences
Processed 18380/29960 sequences
Processed 18390/29960 sequences
Processed 18400/29960 sequences
Processed 18410/29960 sequences
Processed 18420/29960 sequences
Processed 18430/29960 sequences
Processed 18440/29960 sequences
Processed 18450/29960 sequences
Processed 18460/29960 sequences
Processed 18470/29960 sequences
Processed 18480/29960 sequences
Processed 18490/29960 sequences
Processed 18500/29960 sequences
Processed 18510/29960 sequences
Processed 18520/29960 sequences
Processed 18530/29960 sequences
Processed 18540/29960 sequences
Processed 18550/29960 sequences
Processed 18560/29960 sequences
Processed 18570/29960 sequences
Processed 18580/29960 sequences
Processed 18590/29960 sequences
Processed 18600/29960 sequences
Processed 18610/29960 sequences
Processed 18620/29960 sequences
Processed 18630/29960 sequences
Processed 18640/29960 sequences
Processed 18650/29960 sequences
Processed 18660/29960 sequences
Processed 18670/29960 sequences
Processed 18680/29960 sequences
Processed 18690/29960 sequences
Processed 18700/29960 sequences
Processed 18710/29960 sequences
Processed 18720/29960 sequences
Processed 18730/29960 sequences
Processed 18740/29960 sequences
Processed 18750/29960 sequences
Processed 18760/29960 sequences
Processed 18770/29960 sequences
Processed 18780/29960 sequences
Processed 18790/29960 sequences
Processed 18800/29960 sequences
Processed 18810/29960 sequences
Processed 18820/29960 sequences
Processed 18830/29960 sequences
Processed 18840/29960 sequences
Processed 18850/29960 sequences
Processed 18860/29960 sequences
Processed 18870/29960 sequences
Processed 18880/29960 sequences
Processed 18890/29960 sequences
Processed 18900/29960 sequences
Processed 18910/29960 sequences
Processed 18920/29960 sequences
Processed 18930/29960 sequences
Processed 18940/29960 sequences
Processed 18950/29960 sequences
Processed 18960/29960 sequences
Processed 18970/29960 sequences
Processed 18980/29960 sequences
Processed 18990/29960 sequences
Processed 19000/29960 sequences
Processed 19010/29960 sequences
Processed 19020/29960 sequences
Processed 19030/29960 sequences
Processed 19040/29960 sequences
Processed 19050/29960 sequences
Processed 19060/29960 sequences
Processed 19070/29960 sequences
Processed 19080/29960 sequences
Processed 19090/29960 sequences
Processed 19100/29960 sequences
Processed 19110/29960 sequences
Processed 19120/29960 sequences
Processed 19130/29960 sequences
Processed 19140/29960 sequences
Processed 19150/29960 sequences
Processed 19160/29960 sequences
Processed 19170/29960 sequences
Processed 19180/29960 sequences
Processed 19190/29960 sequences
Processed 19200/29960 sequences
Processed 19210/29960 sequences
Processed 19220/29960 sequences
Processed 19230/29960 sequences
Processed 19240/29960 sequences
Processed 19250/29960 sequences
Processed 19260/29960 sequences
Processed 19270/29960 sequences
Processed 19280/29960 sequences
Processed 19290/29960 sequences
Processed 19300/29960 sequences
Processed 19310/29960 sequences
Processed 19320/29960 sequences
Processed 19330/29960 sequences
Processed 19340/29960 sequences
Processed 19350/29960 sequences
Processed 19360/29960 sequences
Processed 19370/29960 sequences
Processed 19380/29960 sequences
Processed 19390/29960 sequences
Processed 19400/29960 sequences
Processed 19410/29960 sequences
Processed 19420/29960 sequences
Processed 19430/29960 sequences
Processed 19440/29960 sequences
Processed 19450/29960 sequences
Processed 19460/29960 sequences
Processed 19470/29960 sequences
Processed 19480/29960 sequences
Processed 19490/29960 sequences
Processed 19500/29960 sequences
Processed 19510/29960 sequences
Processed 19520/29960 sequences
Processed 19530/29960 sequences
Processed 19540/29960 sequences
Processed 19550/29960 sequences
Processed 19560/29960 sequences
Processed 19570/29960 sequences
Processed 19580/29960 sequences
Processed 19590/29960 sequences
Processed 19600/29960 sequences
Processed 19610/29960 sequences
Processed 19620/29960 sequences
Processed 19630/29960 sequences
Processed 19640/29960 sequences
Processed 19650/29960 sequences
Processed 19660/29960 sequences
Processed 19670/29960 sequences
Processed 19680/29960 sequences
Processed 19690/29960 sequences
Processed 19700/29960 sequences
Processed 19710/29960 sequences
Processed 19720/29960 sequences
Processed 19730/29960 sequences
Processed 19740/29960 sequences
Processed 19750/29960 sequences
Processed 19760/29960 sequences
Processed 19770/29960 sequences
Processed 19780/29960 sequences
Processed 19790/29960 sequences
Processed 19800/29960 sequences
Processed 19810/29960 sequences
Processed 19820/29960 sequences
Processed 19830/29960 sequences
Processed 19840/29960 sequences
Processed 19850/29960 sequences
Processed 19860/29960 sequences
Processed 19870/29960 sequences
Processed 19880/29960 sequences
Processed 19890/29960 sequences
Processed 19900/29960 sequences
Processed 19910/29960 sequences
Processed 19920/29960 sequences
Processed 19930/29960 sequences
Processed 19940/29960 sequences
Processed 19950/29960 sequences
Processed 19960/29960 sequences
Processed 19970/29960 sequences
Processed 19980/29960 sequences
Processed 19990/29960 sequences
Processed 20000/29960 sequences
Processed 20010/29960 sequences
Processed 20020/29960 sequences
Processed 20030/29960 sequences
Processed 20040/29960 sequences
Processed 20050/29960 sequences
Processed 20060/29960 sequences
Processed 20070/29960 sequences
Processed 20080/29960 sequences
Processed 20090/29960 sequences
Processed 20100/29960 sequences
Processed 20110/29960 sequences
Processed 20120/29960 sequences
Processed 20130/29960 sequences
Processed 20140/29960 sequences
Processed 20150/29960 sequences
Processed 20160/29960 sequences
Processed 20170/29960 sequences
Processed 20180/29960 sequences
Processed 20190/29960 sequences
Processed 20200/29960 sequences
Processed 20210/29960 sequences
Processed 20220/29960 sequences
Processed 20230/29960 sequences
Processed 20240/29960 sequences
Processed 20250/29960 sequences
Processed 20260/29960 sequences
Processed 20270/29960 sequences
Processed 20280/29960 sequences
Processed 20290/29960 sequences
Processed 20300/29960 sequences
Processed 20310/29960 sequences
Processed 20320/29960 sequences
Processed 20330/29960 sequences
Processed 20340/29960 sequences
Processed 20350/29960 sequences
Processed 20360/29960 sequences
Processed 20370/29960 sequences
Processed 20380/29960 sequences
Processed 20390/29960 sequences
Processed 20400/29960 sequences
Processed 20410/29960 sequences
Processed 20420/29960 sequences
Processed 20430/29960 sequences
Processed 20440/29960 sequences
Processed 20450/29960 sequences
Processed 20460/29960 sequences
Processed 20470/29960 sequences
Processed 20480/29960 sequences
Processed 20490/29960 sequences
Processed 20500/29960 sequences
Processed 20510/29960 sequences
Processed 20520/29960 sequences
Processed 20530/29960 sequences
Processed 20540/29960 sequences
Processed 20550/29960 sequences
Processed 20560/29960 sequences
Processed 20570/29960 sequences
Processed 20580/29960 sequences
Processed 20590/29960 sequences
Processed 20600/29960 sequences
Processed 20610/29960 sequences
Processed 20620/29960 sequences
Processed 20630/29960 sequences
Processed 20640/29960 sequences
Processed 20650/29960 sequences
Processed 20660/29960 sequences
Processed 20670/29960 sequences
Processed 20680/29960 sequences
Processed 20690/29960 sequences
Processed 20700/29960 sequences
Processed 20710/29960 sequences
Processed 20720/29960 sequences
Processed 20730/29960 sequences
Processed 20740/29960 sequences
Processed 20750/29960 sequences
Processed 20760/29960 sequences
Processed 20770/29960 sequences
Processed 20780/29960 sequences
Processed 20790/29960 sequences
Processed 20800/29960 sequences
Processed 20810/29960 sequences
Processed 20820/29960 sequences
Processed 20830/29960 sequences
Processed 20840/29960 sequences
Processed 20850/29960 sequences
Processed 20860/29960 sequences
Processed 20870/29960 sequences
Processed 20880/29960 sequences
Processed 20890/29960 sequences
Processed 20900/29960 sequences
Processed 20910/29960 sequences
Processed 20920/29960 sequences
Processed 20930/29960 sequences
Processed 20940/29960 sequences
Processed 20950/29960 sequences
Processed 20960/29960 sequences
Processed 20970/29960 sequences
Processed 20980/29960 sequences
Processed 20990/29960 sequences
Processed 21000/29960 sequences
Processed 21010/29960 sequences
Processed 21020/29960 sequences
Processed 21030/29960 sequences
Processed 21040/29960 sequences
Processed 21050/29960 sequences
Processed 21060/29960 sequences
Processed 21070/29960 sequences
Processed 21080/29960 sequences
Processed 21090/29960 sequences
Processed 21100/29960 sequences
Processed 21110/29960 sequences
Processed 21120/29960 sequences
Processed 21130/29960 sequences
Processed 21140/29960 sequences
Processed 21150/29960 sequences
Processed 21160/29960 sequences
Processed 21170/29960 sequences
Processed 21180/29960 sequences
Processed 21190/29960 sequences
Processed 21200/29960 sequences
Processed 21210/29960 sequences
Processed 21220/29960 sequences
Processed 21230/29960 sequences
Processed 21240/29960 sequences
Processed 21250/29960 sequences
Processed 21260/29960 sequences
Processed 21270/29960 sequences
Processed 21280/29960 sequences
Processed 21290/29960 sequences
Processed 21300/29960 sequences
Processed 21310/29960 sequences
Processed 21320/29960 sequences
Processed 21330/29960 sequences
Processed 21340/29960 sequences
Processed 21350/29960 sequences
Processed 21360/29960 sequences
Processed 21370/29960 sequences
Processed 21380/29960 sequences
Processed 21390/29960 sequences
Processed 21400/29960 sequences
Processed 21410/29960 sequences
Processed 21420/29960 sequences
Processed 21430/29960 sequences
Processed 21440/29960 sequences
Processed 21450/29960 sequences
Processed 21460/29960 sequences
Processed 21470/29960 sequences
Processed 21480/29960 sequences
Processed 21490/29960 sequences
Processed 21500/29960 sequences
Processed 21510/29960 sequences
Processed 21520/29960 sequences
Processed 21530/29960 sequences
Processed 21540/29960 sequences
Processed 21550/29960 sequences
Processed 21560/29960 sequences
Processed 21570/29960 sequences
Processed 21580/29960 sequences
Processed 21590/29960 sequences
Processed 21600/29960 sequences
Processed 21610/29960 sequences
Processed 21620/29960 sequences
Processed 21630/29960 sequences
Processed 21640/29960 sequences
Processed 21650/29960 sequences
Processed 21660/29960 sequences
Processed 21670/29960 sequences
Processed 21680/29960 sequences
Processed 21690/29960 sequences
Processed 21700/29960 sequences
Processed 21710/29960 sequences
Processed 21720/29960 sequences
Processed 21730/29960 sequences
Processed 21740/29960 sequences
Processed 21750/29960 sequences
Processed 21760/29960 sequences
Processed 21770/29960 sequences
Processed 21780/29960 sequences
Processed 21790/29960 sequences
Processed 21800/29960 sequences
Processed 21810/29960 sequences
Processed 21820/29960 sequences
Processed 21830/29960 sequences
Processed 21840/29960 sequences
Processed 21850/29960 sequences
Processed 21860/29960 sequences
Processed 21870/29960 sequences
Processed 21880/29960 sequences
Processed 21890/29960 sequences
Processed 21900/29960 sequences
Processed 21910/29960 sequences
Processed 21920/29960 sequences
Processed 21930/29960 sequences
Processed 21940/29960 sequences
Processed 21950/29960 sequences
Processed 21960/29960 sequences
Processed 21970/29960 sequences
Processed 21980/29960 sequences
Processed 21990/29960 sequences
Processed 22000/29960 sequences
Processed 22010/29960 sequences
Processed 22020/29960 sequences
Processed 22030/29960 sequences
Processed 22040/29960 sequences
Processed 22050/29960 sequences
Processed 22060/29960 sequences
Processed 22070/29960 sequences
Processed 22080/29960 sequences
Processed 22090/29960 sequences
Processed 22100/29960 sequences
Processed 22110/29960 sequences
Processed 22120/29960 sequences
Processed 22130/29960 sequences
Processed 22140/29960 sequences
Processed 22150/29960 sequences
Processed 22160/29960 sequences
Processed 22170/29960 sequences
Processed 22180/29960 sequences
Processed 22190/29960 sequences
Processed 22200/29960 sequences
Processed 22210/29960 sequences
Processed 22220/29960 sequences
Processed 22230/29960 sequences
Processed 22240/29960 sequences
Processed 22250/29960 sequences
Processed 22260/29960 sequences
Processed 22270/29960 sequences
Processed 22280/29960 sequences
Processed 22290/29960 sequences
Processed 22300/29960 sequences
Processed 22310/29960 sequences
Processed 22320/29960 sequences
Processed 22330/29960 sequences
Processed 22340/29960 sequences
Processed 22350/29960 sequences
Processed 22360/29960 sequences
Processed 22370/29960 sequences
Processed 22380/29960 sequences
Processed 22390/29960 sequences
Processed 22400/29960 sequences
Processed 22410/29960 sequences
Processed 22420/29960 sequences
Processed 22430/29960 sequences
Processed 22440/29960 sequences
Processed 22450/29960 sequences
Processed 22460/29960 sequences
Processed 22470/29960 sequences
Processed 22480/29960 sequences
Processed 22490/29960 sequences
Processed 22500/29960 sequences
Processed 22510/29960 sequences
Processed 22520/29960 sequences
Processed 22530/29960 sequences
Processed 22540/29960 sequences
Processed 22550/29960 sequences
Processed 22560/29960 sequences
Processed 22570/29960 sequences
Processed 22580/29960 sequences
Processed 22590/29960 sequences
Processed 22600/29960 sequences
Processed 22610/29960 sequences
Processed 22620/29960 sequences
Processed 22630/29960 sequences
Processed 22640/29960 sequences
Processed 22650/29960 sequences
Processed 22660/29960 sequences
Processed 22670/29960 sequences
Processed 22680/29960 sequences
Processed 22690/29960 sequences
Processed 22700/29960 sequences
Processed 22710/29960 sequences
Processed 22720/29960 sequences
Processed 22730/29960 sequences
Processed 22740/29960 sequences
Processed 22750/29960 sequences
Processed 22760/29960 sequences
Processed 22770/29960 sequences
Processed 22780/29960 sequences
Processed 22790/29960 sequences
Processed 22800/29960 sequences
Processed 22810/29960 sequences
Processed 22820/29960 sequences
Processed 22830/29960 sequences
Processed 22840/29960 sequences
Processed 22850/29960 sequences
Processed 22860/29960 sequences
Processed 22870/29960 sequences
Processed 22880/29960 sequences
Processed 22890/29960 sequences
Processed 22900/29960 sequences
Processed 22910/29960 sequences
Processed 22920/29960 sequences
Processed 22930/29960 sequences
Processed 22940/29960 sequences
Processed 22950/29960 sequences
Processed 22960/29960 sequences
Processed 22970/29960 sequences
Processed 22980/29960 sequences
Processed 22990/29960 sequences
Processed 23000/29960 sequences
Processed 23010/29960 sequences
Processed 23020/29960 sequences
Processed 23030/29960 sequences
Processed 23040/29960 sequences
Processed 23050/29960 sequences
Processed 23060/29960 sequences
Processed 23070/29960 sequences
Processed 23080/29960 sequences
Processed 23090/29960 sequences
Processed 23100/29960 sequences
Processed 23110/29960 sequences
Processed 23120/29960 sequences
Processed 23130/29960 sequences
Processed 23140/29960 sequences
Processed 23150/29960 sequences
Processed 23160/29960 sequences
Processed 23170/29960 sequences
Processed 23180/29960 sequences
Processed 23190/29960 sequences
Processed 23200/29960 sequences
Processed 23210/29960 sequences
Processed 23220/29960 sequences
Processed 23230/29960 sequences
Processed 23240/29960 sequences
Processed 23250/29960 sequences
Processed 23260/29960 sequences
Processed 23270/29960 sequences
Processed 23280/29960 sequences
Processed 23290/29960 sequences
Processed 23300/29960 sequences
Processed 23310/29960 sequences
Processed 23320/29960 sequences
Processed 23330/29960 sequences
Processed 23340/29960 sequences
Processed 23350/29960 sequences
Processed 23360/29960 sequences
Processed 23370/29960 sequences
Processed 23380/29960 sequences
Processed 23390/29960 sequences
Processed 23400/29960 sequences
Processed 23410/29960 sequences
Processed 23420/29960 sequences
Processed 23430/29960 sequences
Processed 23440/29960 sequences
Processed 23450/29960 sequences
Processed 23460/29960 sequences
Processed 23470/29960 sequences
Processed 23480/29960 sequences
Processed 23490/29960 sequences
Processed 23500/29960 sequences
Processed 23510/29960 sequences
Processed 23520/29960 sequences
Processed 23530/29960 sequences
Processed 23540/29960 sequences
Processed 23550/29960 sequences
Processed 23560/29960 sequences
Processed 23570/29960 sequences
Processed 23580/29960 sequences
Processed 23590/29960 sequences
Processed 23600/29960 sequences
Processed 23610/29960 sequences
Processed 23620/29960 sequences
Processed 23630/29960 sequences
Processed 23640/29960 sequences
Processed 23650/29960 sequences
Processed 23660/29960 sequences
Processed 23670/29960 sequences
Processed 23680/29960 sequences
Processed 23690/29960 sequences
Processed 23700/29960 sequences
Processed 23710/29960 sequences
Processed 23720/29960 sequences
Processed 23730/29960 sequences
Processed 23740/29960 sequences
Processed 23750/29960 sequences
Processed 23760/29960 sequences
Processed 23770/29960 sequences
Processed 23780/29960 sequences
Processed 23790/29960 sequences
Processed 23800/29960 sequences
Processed 23810/29960 sequences
Processed 23820/29960 sequences
Processed 23830/29960 sequences
Processed 23840/29960 sequences
Processed 23850/29960 sequences
Processed 23860/29960 sequences
Processed 23870/29960 sequences
Processed 23880/29960 sequences
Processed 23890/29960 sequences
Processed 23900/29960 sequences
Processed 23910/29960 sequences
Processed 23920/29960 sequences
Processed 23930/29960 sequences
Processed 23940/29960 sequences
Processed 23950/29960 sequences
Processed 23960/29960 sequences
Processed 23970/29960 sequences
Processed 23980/29960 sequences
Processed 23990/29960 sequences
Processed 24000/29960 sequences
Processed 24010/29960 sequences
Processed 24020/29960 sequences
Processed 24030/29960 sequences
Processed 24040/29960 sequences
Processed 24050/29960 sequences
Processed 24060/29960 sequences
Processed 24070/29960 sequences
Processed 24080/29960 sequences
Processed 24090/29960 sequences
Processed 24100/29960 sequences
Processed 24110/29960 sequences
Processed 24120/29960 sequences
Processed 24130/29960 sequences
Processed 24140/29960 sequences
Processed 24150/29960 sequences
Processed 24160/29960 sequences
Processed 24170/29960 sequences
Processed 24180/29960 sequences
Processed 24190/29960 sequences
Processed 24200/29960 sequences
Processed 24210/29960 sequences
Processed 24220/29960 sequences
Processed 24230/29960 sequences
Processed 24240/29960 sequences
Processed 24250/29960 sequences
Processed 24260/29960 sequences
Processed 24270/29960 sequences
Processed 24280/29960 sequences
Processed 24290/29960 sequences
Processed 24300/29960 sequences
Processed 24310/29960 sequences
Processed 24320/29960 sequences
Processed 24330/29960 sequences
Processed 24340/29960 sequences
Processed 24350/29960 sequences
Processed 24360/29960 sequences
Processed 24370/29960 sequences
Processed 24380/29960 sequences
Processed 24390/29960 sequences
Processed 24400/29960 sequences
Processed 24410/29960 sequences
Processed 24420/29960 sequences
Processed 24430/29960 sequences
Processed 24440/29960 sequences
Processed 24450/29960 sequences
Processed 24460/29960 sequences
Processed 24470/29960 sequences
Processed 24480/29960 sequences
Processed 24490/29960 sequences
Processed 24500/29960 sequences
Processed 24510/29960 sequences
Processed 24520/29960 sequences
Processed 24530/29960 sequences
Processed 24540/29960 sequences
Processed 24550/29960 sequences
Processed 24560/29960 sequences
Processed 24570/29960 sequences
Processed 24580/29960 sequences
Processed 24590/29960 sequences
Processed 24600/29960 sequences
Processed 24610/29960 sequences
Processed 24620/29960 sequences
Processed 24630/29960 sequences
Processed 24640/29960 sequences
Processed 24650/29960 sequences
Processed 24660/29960 sequences
Processed 24670/29960 sequences
Processed 24680/29960 sequences
Processed 24690/29960 sequences
Processed 24700/29960 sequences
Processed 24710/29960 sequences
Processed 24720/29960 sequences
Processed 24730/29960 sequences
Processed 24740/29960 sequences
Processed 24750/29960 sequences
Processed 24760/29960 sequences
Processed 24770/29960 sequences
Processed 24780/29960 sequences
Processed 24790/29960 sequences
Processed 24800/29960 sequences
Processed 24810/29960 sequences
Processed 24820/29960 sequences
Processed 24830/29960 sequences
Processed 24840/29960 sequences
Processed 24850/29960 sequences
Processed 24860/29960 sequences
Processed 24870/29960 sequences
Processed 24880/29960 sequences
Processed 24890/29960 sequences
Processed 24900/29960 sequences
Processed 24910/29960 sequences
Processed 24920/29960 sequences
Processed 24930/29960 sequences
Processed 24940/29960 sequences
Processed 24950/29960 sequences
Processed 24960/29960 sequences
Processed 24970/29960 sequences
Processed 24980/29960 sequences
Processed 24990/29960 sequences
Processed 25000/29960 sequences
Processed 25010/29960 sequences
Processed 25020/29960 sequences
Processed 25030/29960 sequences
Processed 25040/29960 sequences
Processed 25050/29960 sequences
Processed 25060/29960 sequences
Processed 25070/29960 sequences
Processed 25080/29960 sequences
Processed 25090/29960 sequences
Processed 25100/29960 sequences
Processed 25110/29960 sequences
Processed 25120/29960 sequences
Processed 25130/29960 sequences
Processed 25140/29960 sequences
Processed 25150/29960 sequences
Processed 25160/29960 sequences
Processed 25170/29960 sequences
Processed 25180/29960 sequences
Processed 25190/29960 sequences
Processed 25200/29960 sequences
Processed 25210/29960 sequences
Processed 25220/29960 sequences
Processed 25230/29960 sequences
Processed 25240/29960 sequences
Processed 25250/29960 sequences
Processed 25260/29960 sequences
Processed 25270/29960 sequences
Processed 25280/29960 sequences
Processed 25290/29960 sequences
Processed 25300/29960 sequences
Processed 25310/29960 sequences
Processed 25320/29960 sequences
Processed 25330/29960 sequences
Processed 25340/29960 sequences
Processed 25350/29960 sequences
Processed 25360/29960 sequences
Processed 25370/29960 sequences
Processed 25380/29960 sequences
Processed 25390/29960 sequences
Processed 25400/29960 sequences
Processed 25410/29960 sequences
Processed 25420/29960 sequences
Processed 25430/29960 sequences
Processed 25440/29960 sequences
Processed 25450/29960 sequences
Processed 25460/29960 sequences
Processed 25470/29960 sequences
Processed 25480/29960 sequences
Processed 25490/29960 sequences
Processed 25500/29960 sequences
Processed 25510/29960 sequences
Processed 25520/29960 sequences
Processed 25530/29960 sequences
Processed 25540/29960 sequences
Processed 25550/29960 sequences
Processed 25560/29960 sequences
Processed 25570/29960 sequences
Processed 25580/29960 sequences
Processed 25590/29960 sequences
Processed 25600/29960 sequences
Processed 25610/29960 sequences
Processed 25620/29960 sequences
Processed 25630/29960 sequences
Processed 25640/29960 sequences
Processed 25650/29960 sequences
Processed 25660/29960 sequences
Processed 25670/29960 sequences
Processed 25680/29960 sequences
Processed 25690/29960 sequences
Processed 25700/29960 sequences
Processed 25710/29960 sequences
Processed 25720/29960 sequences
Processed 25730/29960 sequences
Processed 25740/29960 sequences
Processed 25750/29960 sequences
Processed 25760/29960 sequences
Processed 25770/29960 sequences
Processed 25780/29960 sequences
Processed 25790/29960 sequences
Processed 25800/29960 sequences
Processed 25810/29960 sequences
Processed 25820/29960 sequences
Processed 25830/29960 sequences
Processed 25840/29960 sequences
Processed 25850/29960 sequences
Processed 25860/29960 sequences
Processed 25870/29960 sequences
Processed 25880/29960 sequences
Processed 25890/29960 sequences
Processed 25900/29960 sequences
Processed 25910/29960 sequences
Processed 25920/29960 sequences
Processed 25930/29960 sequences
Processed 25940/29960 sequences
Processed 25950/29960 sequences
Processed 25960/29960 sequences
Processed 25970/29960 sequences
Processed 25980/29960 sequences
Processed 25990/29960 sequences
Processed 26000/29960 sequences
Processed 26010/29960 sequences
Processed 26020/29960 sequences
Processed 26030/29960 sequences
Processed 26040/29960 sequences
Processed 26050/29960 sequences
Processed 26060/29960 sequences
Processed 26070/29960 sequences
Processed 26080/29960 sequences
Processed 26090/29960 sequences
Processed 26100/29960 sequences
Processed 26110/29960 sequences
Processed 26120/29960 sequences
Processed 26130/29960 sequences
Processed 26140/29960 sequences
Processed 26150/29960 sequences
Processed 26160/29960 sequences
Processed 26170/29960 sequences
Processed 26180/29960 sequences
Processed 26190/29960 sequences
Processed 26200/29960 sequences
Processed 26210/29960 sequences
Processed 26220/29960 sequences
Processed 26230/29960 sequences
Processed 26240/29960 sequences
Processed 26250/29960 sequences
Processed 26260/29960 sequences
Processed 26270/29960 sequences
Processed 26280/29960 sequences
Processed 26290/29960 sequences
Processed 26300/29960 sequences
Processed 26310/29960 sequences
Processed 26320/29960 sequences
Processed 26330/29960 sequences
Processed 26340/29960 sequences
Processed 26350/29960 sequences
Processed 26360/29960 sequences
Processed 26370/29960 sequences
Processed 26380/29960 sequences
Processed 26390/29960 sequences
Processed 26400/29960 sequences
Processed 26410/29960 sequences
Processed 26420/29960 sequences
Processed 26430/29960 sequences
Processed 26440/29960 sequences
Processed 26450/29960 sequences
Processed 26460/29960 sequences
Processed 26470/29960 sequences
Processed 26480/29960 sequences
Processed 26490/29960 sequences
Processed 26500/29960 sequences
Processed 26510/29960 sequences
Processed 26520/29960 sequences
Processed 26530/29960 sequences
Processed 26540/29960 sequences
Processed 26550/29960 sequences
Processed 26560/29960 sequences
Processed 26570/29960 sequences
Processed 26580/29960 sequences
Processed 26590/29960 sequences
Processed 26600/29960 sequences
Processed 26610/29960 sequences
Processed 26620/29960 sequences
Processed 26630/29960 sequences
Processed 26640/29960 sequences
Processed 26650/29960 sequences
Processed 26660/29960 sequences
Processed 26670/29960 sequences
Processed 26680/29960 sequences
Processed 26690/29960 sequences
Processed 26700/29960 sequences
Processed 26710/29960 sequences
Processed 26720/29960 sequences
Processed 26730/29960 sequences
Processed 26740/29960 sequences
Processed 26750/29960 sequences
Processed 26760/29960 sequences
Processed 26770/29960 sequences
Processed 26780/29960 sequences
Processed 26790/29960 sequences
Processed 26800/29960 sequences
Processed 26810/29960 sequences
Processed 26820/29960 sequences
Processed 26830/29960 sequences
Processed 26840/29960 sequences
Processed 26850/29960 sequences
Processed 26860/29960 sequences
Processed 26870/29960 sequences
Processed 26880/29960 sequences
Processed 26890/29960 sequences
Processed 26900/29960 sequences
Processed 26910/29960 sequences
Processed 26920/29960 sequences
Processed 26930/29960 sequences
Processed 26940/29960 sequences
Processed 26950/29960 sequences
Processed 26960/29960 sequences
Processed 26970/29960 sequences
Processed 26980/29960 sequences
Processed 26990/29960 sequences
Processed 27000/29960 sequences
Processed 27010/29960 sequences
Processed 27020/29960 sequences
Processed 27030/29960 sequences
Processed 27040/29960 sequences
Processed 27050/29960 sequences
Processed 27060/29960 sequences
Processed 27070/29960 sequences
Processed 27080/29960 sequences
Processed 27090/29960 sequences
Processed 27100/29960 sequences
Processed 27110/29960 sequences
Processed 27120/29960 sequences
Processed 27130/29960 sequences
Processed 27140/29960 sequences
Processed 27150/29960 sequences
Processed 27160/29960 sequences
Processed 27170/29960 sequences
Processed 27180/29960 sequences
Processed 27190/29960 sequences
Processed 27200/29960 sequences
Processed 27210/29960 sequences
Processed 27220/29960 sequences
Processed 27230/29960 sequences
Processed 27240/29960 sequences
Processed 27250/29960 sequences
Processed 27260/29960 sequences
Processed 27270/29960 sequences
Processed 27280/29960 sequences
Processed 27290/29960 sequences
Processed 27300/29960 sequences
Processed 27310/29960 sequences
Processed 27320/29960 sequences
Processed 27330/29960 sequences
Processed 27340/29960 sequences
Processed 27350/29960 sequences
Processed 27360/29960 sequences
Processed 27370/29960 sequences
Processed 27380/29960 sequences
Processed 27390/29960 sequences
Processed 27400/29960 sequences
Processed 27410/29960 sequences
Processed 27420/29960 sequences
Processed 27430/29960 sequences
Processed 27440/29960 sequences
Processed 27450/29960 sequences
Processed 27460/29960 sequences
Processed 27470/29960 sequences
Processed 27480/29960 sequences
Processed 27490/29960 sequences
Processed 27500/29960 sequences
Processed 27510/29960 sequences
Processed 27520/29960 sequences
Processed 27530/29960 sequences
Processed 27540/29960 sequences
Processed 27550/29960 sequences
Processed 27560/29960 sequences
Processed 27570/29960 sequences
Processed 27580/29960 sequences
Processed 27590/29960 sequences
Processed 27600/29960 sequences
Processed 27610/29960 sequences
Processed 27620/29960 sequences
Processed 27630/29960 sequences
Processed 27640/29960 sequences
Processed 27650/29960 sequences
Processed 27660/29960 sequences
Processed 27670/29960 sequences
Processed 27680/29960 sequences
Processed 27690/29960 sequences
Processed 27700/29960 sequences
Processed 27710/29960 sequences
Processed 27720/29960 sequences
Processed 27730/29960 sequences
Processed 27740/29960 sequences
Processed 27750/29960 sequences
Processed 27760/29960 sequences
Processed 27770/29960 sequences
Processed 27780/29960 sequences
Processed 27790/29960 sequences
Processed 27800/29960 sequences
Processed 27810/29960 sequences
Processed 27820/29960 sequences
Processed 27830/29960 sequences
Processed 27840/29960 sequences
Processed 27850/29960 sequences
Processed 27860/29960 sequences
Processed 27870/29960 sequences
Processed 27880/29960 sequences
Processed 27890/29960 sequences
Processed 27900/29960 sequences
Processed 27910/29960 sequences
Processed 27920/29960 sequences
Processed 27930/29960 sequences
Processed 27940/29960 sequences
Processed 27950/29960 sequences
Processed 27960/29960 sequences
Processed 27970/29960 sequences
Processed 27980/29960 sequences
Processed 27990/29960 sequences
Processed 28000/29960 sequences
Processed 28010/29960 sequences
Processed 28020/29960 sequences
Processed 28030/29960 sequences
Processed 28040/29960 sequences
Processed 28050/29960 sequences
Processed 28060/29960 sequences
Processed 28070/29960 sequences
Processed 28080/29960 sequences
Processed 28090/29960 sequences
Processed 28100/29960 sequences
Processed 28110/29960 sequences
Processed 28120/29960 sequences
Processed 28130/29960 sequences
Processed 28140/29960 sequences
Processed 28150/29960 sequences
Processed 28160/29960 sequences
Processed 28170/29960 sequences
Processed 28180/29960 sequences
Processed 28190/29960 sequences
Processed 28200/29960 sequences
Processed 28210/29960 sequences
Processed 28220/29960 sequences
Processed 28230/29960 sequences
Processed 28240/29960 sequences
Processed 28250/29960 sequences
Processed 28260/29960 sequences
Processed 28270/29960 sequences
Processed 28280/29960 sequences
Processed 28290/29960 sequences
Processed 28300/29960 sequences
Processed 28310/29960 sequences
Processed 28320/29960 sequences
Processed 28330/29960 sequences
Processed 28340/29960 sequences
Processed 28350/29960 sequences
Processed 28360/29960 sequences
Processed 28370/29960 sequences
Processed 28380/29960 sequences
Processed 28390/29960 sequences
Processed 28400/29960 sequences
Processed 28410/29960 sequences
Processed 28420/29960 sequences
Processed 28430/29960 sequences
Processed 28440/29960 sequences
Processed 28450/29960 sequences
Processed 28460/29960 sequences
Processed 28470/29960 sequences
Processed 28480/29960 sequences
Processed 28490/29960 sequences
Processed 28500/29960 sequences
Processed 28510/29960 sequences
Processed 28520/29960 sequences
Processed 28530/29960 sequences
Processed 28540/29960 sequences
Processed 28550/29960 sequences
Processed 28560/29960 sequences
Processed 28570/29960 sequences
Processed 28580/29960 sequences
Processed 28590/29960 sequences
Processed 28600/29960 sequences
Processed 28610/29960 sequences
Processed 28620/29960 sequences
Processed 28630/29960 sequences
Processed 28640/29960 sequences
Processed 28650/29960 sequences
Processed 28660/29960 sequences
Processed 28670/29960 sequences
Processed 28680/29960 sequences
Processed 28690/29960 sequences
Processed 28700/29960 sequences
Processed 28710/29960 sequences
Processed 28720/29960 sequences
Processed 28730/29960 sequences
Processed 28740/29960 sequences
Processed 28750/29960 sequences
Processed 28760/29960 sequences
Processed 28770/29960 sequences
Processed 28780/29960 sequences
Processed 28790/29960 sequences
Processed 28800/29960 sequences
Processed 28810/29960 sequences
Processed 28820/29960 sequences
Processed 28830/29960 sequences
Processed 28840/29960 sequences
Processed 28850/29960 sequences
Processed 28860/29960 sequences
Processed 28870/29960 sequences
Processed 28880/29960 sequences
Processed 28890/29960 sequences
Processed 28900/29960 sequences
Processed 28910/29960 sequences
Processed 28920/29960 sequences
Processed 28930/29960 sequences
Processed 28940/29960 sequences
Processed 28950/29960 sequences
Processed 28960/29960 sequences
Processed 28970/29960 sequences
Processed 28980/29960 sequences
Processed 28990/29960 sequences
Processed 29000/29960 sequences
Processed 29010/29960 sequences
Processed 29020/29960 sequences
Processed 29030/29960 sequences
Processed 29040/29960 sequences
Processed 29050/29960 sequences
Processed 29060/29960 sequences
Processed 29070/29960 sequences
Processed 29080/29960 sequences
Processed 29090/29960 sequences
Processed 29100/29960 sequences
Processed 29110/29960 sequences
Processed 29120/29960 sequences
Processed 29130/29960 sequences
Processed 29140/29960 sequences
Processed 29150/29960 sequences
Processed 29160/29960 sequences
Processed 29170/29960 sequences
Processed 29180/29960 sequences
Processed 29190/29960 sequences
Processed 29200/29960 sequences
Processed 29210/29960 sequences
Processed 29220/29960 sequences
Processed 29230/29960 sequences
Processed 29240/29960 sequences
Processed 29250/29960 sequences
Processed 29260/29960 sequences
Processed 29270/29960 sequences
Processed 29280/29960 sequences
Processed 29290/29960 sequences
Processed 29300/29960 sequences
Processed 29310/29960 sequences
Processed 29320/29960 sequences
Processed 29330/29960 sequences
Processed 29340/29960 sequences
Processed 29350/29960 sequences
Processed 29360/29960 sequences
Processed 29370/29960 sequences
Processed 29380/29960 sequences
Processed 29390/29960 sequences
Processed 29400/29960 sequences
Processed 29410/29960 sequences
Processed 29420/29960 sequences
Processed 29430/29960 sequences
Processed 29440/29960 sequences
Processed 29450/29960 sequences
Processed 29460/29960 sequences
Processed 29470/29960 sequences
Processed 29480/29960 sequences
Processed 29490/29960 sequences
Processed 29500/29960 sequences
Processed 29510/29960 sequences
Processed 29520/29960 sequences
Processed 29530/29960 sequences
Processed 29540/29960 sequences
Processed 29550/29960 sequences
Processed 29560/29960 sequences
Processed 29570/29960 sequences
Processed 29580/29960 sequences
Processed 29590/29960 sequences
Processed 29600/29960 sequences
Processed 29610/29960 sequences
Processed 29620/29960 sequences
Processed 29630/29960 sequences
Processed 29640/29960 sequences
Processed 29650/29960 sequences
Processed 29660/29960 sequences
Processed 29670/29960 sequences
Processed 29680/29960 sequences
Processed 29690/29960 sequences
Processed 29700/29960 sequences
Processed 29710/29960 sequences
Processed 29720/29960 sequences
Processed 29730/29960 sequences
Processed 29740/29960 sequences
Processed 29750/29960 sequences
Processed 29760/29960 sequences
Processed 29770/29960 sequences
Processed 29780/29960 sequences
Processed 29790/29960 sequences
Processed 29800/29960 sequences
Processed 29810/29960 sequences
Processed 29820/29960 sequences
Processed 29830/29960 sequences
Processed 29840/29960 sequences
Processed 29850/29960 sequences
Processed 29860/29960 sequences
Processed 29870/29960 sequences
Processed 29880/29960 sequences
Processed 29890/29960 sequences
Processed 29900/29960 sequences
Processed 29910/29960 sequences
Processed 29920/29960 sequences
Processed 29930/29960 sequences
Processed 29940/29960 sequences
Processed 29950/29960 sequences
Processed 29960/29960 sequences
Prediction completed in 1327.36 seconds
Total sequences processed: 29960
